2019-08-29 16:29:70: [0mGET / [36m304 [0m262.288 ms - -[0m
2019-08-29 16:29:74: [0mGET /stylesheets/style.css [32m200 [0m3.302 ms - 111[0m
2019-08-29 16:29:89: [0mGET / [36m304 [0m17.736 ms - -[0m
2019-08-29 16:29:97: [0mGET /stylesheets/style.css [36m304 [0m0.876 ms - -[0m
2019-08-29 16:29:97: [0mGET / [36m304 [0m267.696 ms - -[0m
2019-08-29 16:29:02: [0mGET /stylesheets/style.css [36m304 [0m1.794 ms - -[0m
2019-08-29 16:29:76: [0mGET / [36m304 [0m18.473 ms - -[0m
2019-08-29 16:29:82: [0mGET /stylesheets/style.css [36m304 [0m0.526 ms - -[0m
2019-08-29 16:29:89: [0mGET / [32m200 [0m17.376 ms - 170[0m
2019-08-29 16:29:97: [0mGET /stylesheets/style.css [32m200 [0m2.638 ms - 111[0m
2019-08-29 16:29:10: [0mGET /favicon.ico [33m404 [0m25.810 ms - 932[0m
2019-08-29 16:30:60: [0mGET / [36m304 [0m270.487 ms - -[0m
2019-08-29 16:30:64: [0mGET /stylesheets/style.css [36m304 [0m1.806 ms - -[0m
2019-08-29 16:33:46: [0mGET / [36m304 [0m262.448 ms - -[0m
2019-08-29 16:33:50: [0mGET /stylesheets/style.css [36m304 [0m1.803 ms - -[0m
2019-08-29 17:05:80: [0mGET / [32m200 [0m6.230 ms - 2223[0m
2019-08-29 17:05:90: [0mGET /static/js/2.544d3805.chunk.js [32m200 [0m1.165 ms - 125653[0m
2019-08-29 17:05:91: [0mGET /static/css/main.2cce8147.chunk.css [32m200 [0m13.357 ms - 994[0m
2019-08-29 17:05:91: [0mGET /static/js/main.f96f5f2b.chunk.js [32m200 [0m9.889 ms - 1127[0m
2019-08-29 17:05:59: [0mGET /static/media/logo.5d5d9eef.svg [32m200 [0m0.713 ms - 2671[0m
2019-08-29 17:09:64: [0mGET /favicon.ico [32m200 [0m5.777 ms - 3870[0m
2019-08-29 17:12:96: [0mGET / [32m200 [0m6.064 ms - 2223[0m
2019-08-29 17:12:05: [0mGET /static/js/2.544d3805.chunk.js [32m200 [0m1.191 ms - 125653[0m
2019-08-29 17:12:06: [0mGET /static/css/main.2cce8147.chunk.css [32m200 [0m12.271 ms - 994[0m
2019-08-29 17:12:07: [0mGET /static/js/main.0b37c113.chunk.js [32m200 [0m1.545 ms - 1149[0m
2019-08-29 17:12:45: [0mGET /static/media/logo.5d5d9eef.svg [32m200 [0m0.721 ms - 2671[0m
2019-08-29 17:12:63: [0mGET / [32m200 [0m0.969 ms - 2223[0m
2019-08-29 17:12:65: [0mGET /static/js/2.544d3805.chunk.js [32m200 [0m0.601 ms - 125653[0m
2019-08-29 17:12:66: [0mGET /static/css/main.2cce8147.chunk.css [32m200 [0m8.428 ms - 994[0m
2019-08-29 17:12:67: [0mGET /static/js/main.0b37c113.chunk.js [32m200 [0m11.348 ms - 1149[0m
2019-08-29 17:13:54: [0mGET /static/media/logo.5d5d9eef.svg [32m200 [0m0.709 ms - 2671[0m
2019-08-29 17:13:59: [0mGET /favicon.ico [32m200 [0m0.734 ms - 3870[0m
2019-08-29 17:13:42: [0mGET / [32m200 [0m0.897 ms - 2223[0m
2019-08-29 17:13:44: [0mGET /static/css/main.2cce8147.chunk.css [32m200 [0m1.662 ms - 994[0m
2019-08-29 17:13:44: [0mGET /static/js/2.544d3805.chunk.js [32m200 [0m1.485 ms - 125653[0m
2019-08-29 17:13:45: [0mGET /static/js/main.0b37c113.chunk.js [32m200 [0m0.593 ms - 1149[0m
2019-08-29 17:13:43: [0mGET /static/media/logo.5d5d9eef.svg [32m200 [0m0.636 ms - 2671[0m
2019-08-29 17:13:49: [0mGET /favicon.ico [32m200 [0m0.575 ms - 3870[0m
2019-08-29 17:13:28: [0mGET / [32m200 [0m6.040 ms - 2223[0m
2019-08-29 17:13:38: [0mGET /static/css/main.2cce8147.chunk.css [32m200 [0m2.194 ms - 994[0m
2019-08-29 17:13:38: [0mGET /static/js/2.544d3805.chunk.js [32m200 [0m2.056 ms - 125653[0m
2019-08-29 17:13:39: [0mGET /static/js/main.0b37c113.chunk.js [32m200 [0m0.526 ms - 1149[0m
2019-08-29 17:13:44: [0mGET /static/media/logo.5d5d9eef.svg [32m200 [0m0.619 ms - 2671[0m
2019-08-29 17:13:59: [0mGET /favicon.ico [32m200 [0m0.690 ms - 3870[0m
2019-08-29 17:13:22: [0mGET / [36m304 [0m1.254 ms - -[0m
2019-08-29 17:13:29: [0mGET /static/css/main.2cce8147.chunk.css [36m304 [0m0.726 ms - -[0m
2019-08-29 17:13:29: [0mGET /static/js/2.544d3805.chunk.js [36m304 [0m0.828 ms - -[0m
2019-08-29 17:13:29: [0mGET /static/js/main.0b37c113.chunk.js [36m304 [0m0.481 ms - -[0m
2019-08-29 17:13:41: [0mGET /static/media/logo.5d5d9eef.svg [36m304 [0m0.445 ms - -[0m
2019-08-29 17:14:30: [0mGET / [32m200 [0m6.434 ms - 2223[0m
2019-08-29 17:14:41: [0mGET /static/css/main.2cce8147.chunk.css [32m200 [0m6.637 ms - 994[0m
2019-08-29 17:14:41: [0mGET /static/js/2.544d3805.chunk.js [32m200 [0m6.976 ms - 125653[0m
2019-08-29 17:14:41: [0mGET /static/js/main.0b37c113.chunk.js [32m200 [0m2.770 ms - 1149[0m
2019-08-29 17:14:61: [0mGET /static/media/logo.5d5d9eef.svg [32m200 [0m0.608 ms - 2671[0m
2019-08-29 17:14:71: [0mGET /favicon.ico [32m200 [0m1.318 ms - 3870[0m
2019-08-29 17:16:54: [0mGET / [32m200 [0m5.780 ms - 2223[0m
2019-08-29 17:16:59: [0mGET /static/js/main.0b37c113.chunk.js [32m200 [0m1.130 ms - 1149[0m
2019-08-29 17:16:60: [0mGET /static/js/2.544d3805.chunk.js [32m200 [0m9.711 ms - 125653[0m
2019-08-29 17:16:62: [0mGET /static/css/main.2cce8147.chunk.css [32m200 [0m3.618 ms - 994[0m
2019-08-29 17:16:52: [0mGET /static/media/logo.5d5d9eef.svg [32m200 [0m4.794 ms - 2671[0m
2019-08-29 17:16:57: [0mGET /favicon.ico [32m200 [0m0.624 ms - 3870[0m
2019-08-29 17:16:87: [0mGET / [32m200 [0m1.401 ms - 2223[0m
2019-08-29 17:16:76: [0mGET /static/css/main.2cce8147.chunk.css [32m200 [0m0.649 ms - 994[0m
2019-08-29 17:16:90: [0mGET /static/js/main.0b37c113.chunk.js [32m200 [0m0.628 ms - 1149[0m
2019-08-29 17:16:12: [0mGET / [32m200 [0m0.669 ms - 2223[0m
2019-08-29 17:16:25: [0mGET / [32m200 [0m5.827 ms - 2223[0m
2019-08-29 17:16:36: [0mGET /static/css/main.2cce8147.chunk.css [32m200 [0m0.675 ms - 994[0m
2019-08-29 17:16:38: [0mGET /static/js/2.544d3805.chunk.js [32m200 [0m1.431 ms - 125653[0m
2019-08-29 17:16:40: [0mGET /static/js/main.0b37c113.chunk.js [32m200 [0m0.638 ms - 1149[0m
2019-08-29 17:16:23: [0mGET /static/media/logo.5d5d9eef.svg [32m200 [0m0.852 ms - 2671[0m
2019-08-29 17:17:30: [0mGET /static/media/logo.5d5d9eef.svg [32m200 [0m0.641 ms - 2671[0m
2019-08-29 17:34:32: [0mGET / [36m304 [0m5.398 ms - -[0m
2019-08-29 17:34:42: [0mGET /static/css/main.2cce8147.chunk.css [36m304 [0m1.352 ms - -[0m
2019-08-29 17:34:43: [0mGET /static/js/2.544d3805.chunk.js [36m304 [0m1.669 ms - -[0m
2019-08-29 17:34:43: [0mGET /static/js/main.0b37c113.chunk.js [36m304 [0m0.303 ms - -[0m
2019-08-29 17:34:53: [0mGET /static/media/logo.5d5d9eef.svg [36m304 [0m0.441 ms - -[0m
2019-08-29 17:34:61: [0mGET /favicon.ico [32m200 [0m3.016 ms - 3870[0m
2019-08-29 17:39:72: [0mGET / [36m304 [0m5.378 ms - -[0m
2019-08-29 17:39:80: [0mGET /static/css/main.2cce8147.chunk.css [36m304 [0m1.680 ms - -[0m
2019-08-29 17:39:81: [0mGET /static/js/2.544d3805.chunk.js [36m304 [0m0.937 ms - -[0m
2019-08-29 17:39:81: [0mGET /static/js/main.0b37c113.chunk.js [36m304 [0m0.484 ms - -[0m
2019-08-29 17:39:83: [0mGET /static/media/logo.5d5d9eef.svg [36m304 [0m0.450 ms - -[0m
2019-08-29 17:39:91: [0mGET /favicon.ico [32m200 [0m2.560 ms - 3870[0m
2019-08-29 17:39:72: [0mGET / [36m304 [0m0.513 ms - -[0m
2019-08-29 17:39:75: [0mGET /static/css/main.2cce8147.chunk.css [36m304 [0m0.535 ms - -[0m
2019-08-29 17:39:75: [0mGET /static/js/2.544d3805.chunk.js [36m304 [0m0.596 ms - -[0m
2019-08-29 17:39:75: [0mGET /static/js/main.0b37c113.chunk.js [36m304 [0m0.458 ms - -[0m
2019-08-29 17:39:82: [0mGET /static/media/logo.5d5d9eef.svg [36m304 [0m0.473 ms - -[0m
2019-08-29 17:39:84: [0mGET /favicon.ico [32m200 [0m0.775 ms - 3870[0m
2019-08-29 17:39:44: [0mGET / [36m304 [0m0.478 ms - -[0m
2019-08-29 17:39:45: [0mGET /static/css/main.2cce8147.chunk.css [36m304 [0m0.572 ms - -[0m
2019-08-29 17:39:46: [0mGET /static/js/2.544d3805.chunk.js [36m304 [0m0.579 ms - -[0m
2019-08-29 17:39:46: [0mGET /static/js/main.0b37c113.chunk.js [36m304 [0m0.298 ms - -[0m
2019-08-29 17:39:54: [0mGET /static/media/logo.5d5d9eef.svg [36m304 [0m0.434 ms - -[0m
2019-08-29 17:39:56: [0mGET /favicon.ico [32m200 [0m0.582 ms - 3870[0m
2019-08-29 17:39:95: [0mGET / [36m304 [0m0.492 ms - -[0m
2019-08-29 17:39:98: [0mGET /static/css/main.2cce8147.chunk.css [36m304 [0m0.593 ms - -[0m
2019-08-29 17:39:98: [0mGET /static/js/2.544d3805.chunk.js [36m304 [0m0.820 ms - -[0m
2019-08-29 17:39:98: [0mGET /static/js/main.0b37c113.chunk.js [36m304 [0m0.511 ms - -[0m
2019-08-29 17:39:06: [0mGET /static/media/logo.5d5d9eef.svg [36m304 [0m0.449 ms - -[0m
2019-08-29 17:39:08: [0mGET /favicon.ico [32m200 [0m0.553 ms - 3870[0m
2019-08-29 17:39:20: [0mGET / [36m304 [0m2.181 ms - -[0m
2019-08-29 17:39:27: [0mGET /static/css/main.2cce8147.chunk.css [36m304 [0m0.609 ms - -[0m
2019-08-29 17:39:27: [0mGET /static/js/2.544d3805.chunk.js [36m304 [0m0.823 ms - -[0m
2019-08-29 17:39:27: [0mGET /static/js/main.0b37c113.chunk.js [36m304 [0m0.490 ms - -[0m
2019-08-29 17:39:29: [0mGET /static/media/logo.5d5d9eef.svg [36m304 [0m0.451 ms - -[0m
2019-08-29 17:39:37: [0mGET /favicon.ico [32m200 [0m0.651 ms - 3870[0m
2019-08-29 17:39:46: [0mGET / [36m304 [0m0.442 ms - -[0m
2019-08-29 17:39:50: [0mGET /static/css/main.2cce8147.chunk.css [36m304 [0m0.689 ms - -[0m
2019-08-29 17:39:50: [0mGET /static/js/2.544d3805.chunk.js [36m304 [0m0.791 ms - -[0m
2019-08-29 17:39:50: [0mGET /static/js/main.0b37c113.chunk.js [36m304 [0m0.458 ms - -[0m
2019-08-29 17:39:58: [0mGET /static/media/logo.5d5d9eef.svg [36m304 [0m0.439 ms - -[0m
2019-08-29 17:39:59: [0mGET /favicon.ico [32m200 [0m0.558 ms - 3870[0m
2019-08-29 17:39:67: [0mGET / [36m304 [0m0.437 ms - -[0m
2019-08-29 17:39:69: [0mGET /static/css/main.2cce8147.chunk.css [36m304 [0m0.790 ms - -[0m
2019-08-29 17:39:69: [0mGET /static/js/2.544d3805.chunk.js [36m304 [0m0.808 ms - -[0m
2019-08-29 17:39:69: [0mGET /static/js/main.0b37c113.chunk.js [36m304 [0m0.514 ms - -[0m
2019-08-29 17:39:71: [0mGET /static/media/logo.5d5d9eef.svg [36m304 [0m0.482 ms - -[0m
2019-08-29 17:39:78: [0mGET /favicon.ico [32m200 [0m0.588 ms - 3870[0m
2019-08-29 17:43:41: [0mGET / [36m304 [0m4.510 ms - -[0m
2019-08-29 17:43:50: [0mGET /static/css/main.2cce8147.chunk.css [36m304 [0m1.055 ms - -[0m
2019-08-29 17:43:51: [0mGET /static/js/2.544d3805.chunk.js [36m304 [0m0.679 ms - -[0m
2019-08-29 17:43:51: [0mGET /static/js/main.0b37c113.chunk.js [36m304 [0m0.421 ms - -[0m
2019-08-29 17:43:61: [0mGET /static/media/logo.5d5d9eef.svg [36m304 [0m0.489 ms - -[0m
2019-08-29 17:43:69: [0mGET /favicon.ico [32m200 [0m2.711 ms - 3870[0m
2019-08-29 17:43:25: [0mGET / [36m304 [0m0.496 ms - -[0m
2019-08-29 17:43:28: [0mGET /static/js/2.544d3805.chunk.js [36m304 [0m0.423 ms - -[0m
2019-08-29 17:43:29: [0mGET /static/css/main.2cce8147.chunk.css [36m304 [0m6.855 ms - -[0m
2019-08-29 17:43:29: [0mGET /static/js/main.0b37c113.chunk.js [36m304 [0m1.402 ms - -[0m
2019-08-29 17:43:37: [0mGET /static/media/logo.5d5d9eef.svg [36m304 [0m0.518 ms - -[0m
2019-08-29 17:43:39: [0mGET /favicon.ico [32m200 [0m2.614 ms - 3870[0m
2019-08-29 17:44:94: [0mGET / [36m304 [0m0.781 ms - -[0m
2019-08-29 17:44:13: [0mGET /static/js/2.544d3805.chunk.js [36m304 [0m0.626 ms - -[0m
2019-08-29 17:44:13: [0mGET /static/css/main.2cce8147.chunk.css [36m304 [0m0.584 ms - -[0m
2019-08-29 17:44:14: [0mGET /static/js/main.0b37c113.chunk.js [36m304 [0m0.314 ms - -[0m
2019-08-29 17:44:33: [0mGET /static/media/logo.5d5d9eef.svg [36m304 [0m0.475 ms - -[0m
2019-08-29 17:48:39: [0mGET / [36m304 [0m5.336 ms - -[0m
2019-08-29 17:48:47: [0mGET /static/css/main.2cce8147.chunk.css [36m304 [0m0.966 ms - -[0m
2019-08-29 17:48:47: [0mGET /static/js/2.544d3805.chunk.js [36m304 [0m0.656 ms - -[0m
2019-08-29 17:48:48: [0mGET /static/js/main.0b37c113.chunk.js [36m304 [0m1.121 ms - -[0m
2019-08-29 17:48:50: [0mGET /static/media/logo.5d5d9eef.svg [36m304 [0m0.436 ms - -[0m
2019-08-29 17:48:58: [0mGET /favicon.ico [32m200 [0m2.808 ms - 3870[0m
2019-08-29 17:48:83: [0mGET / [36m304 [0m0.472 ms - -[0m
2019-08-29 17:48:92: [0mGET /static/css/main.2cce8147.chunk.css [36m304 [0m0.509 ms - -[0m
2019-08-29 17:48:92: [0mGET /static/js/main.0b37c113.chunk.js [36m304 [0m0.782 ms - -[0m
2019-08-29 17:48:92: [0mGET /static/js/2.544d3805.chunk.js [36m304 [0m0.471 ms - -[0m
2019-08-29 17:48:00: [0mGET /static/media/logo.5d5d9eef.svg [36m304 [0m0.440 ms - -[0m
2019-08-29 17:48:02: [0mGET /favicon.ico [32m200 [0m0.827 ms - 3870[0m
2019-08-29 17:48:62: [0mGET / [36m304 [0m0.454 ms - -[0m
2019-08-29 17:48:65: [0mGET /static/css/main.2cce8147.chunk.css [36m304 [0m0.591 ms - -[0m
2019-08-29 17:48:65: [0mGET /static/js/2.544d3805.chunk.js [36m304 [0m0.587 ms - -[0m
2019-08-29 17:48:65: [0mGET /static/js/main.0b37c113.chunk.js [36m304 [0m0.450 ms - -[0m
2019-08-29 17:48:73: [0mGET /static/media/logo.5d5d9eef.svg [36m304 [0m0.581 ms - -[0m
2019-08-29 17:48:74: [0mGET /favicon.ico [32m200 [0m0.707 ms - 3870[0m
2019-08-29 17:48:23: [0mGET / [36m304 [0m0.450 ms - -[0m
2019-08-29 17:48:25: [0mGET /static/css/main.2cce8147.chunk.css [36m304 [0m0.669 ms - -[0m
2019-08-29 17:48:26: [0mGET /static/js/2.544d3805.chunk.js [36m304 [0m0.544 ms - -[0m
2019-08-29 17:48:26: [0mGET /static/js/main.0b37c113.chunk.js [36m304 [0m0.489 ms - -[0m
2019-08-29 17:48:27: [0mGET /static/media/logo.5d5d9eef.svg [36m304 [0m0.443 ms - -[0m
2019-08-29 17:48:35: [0mGET /favicon.ico [32m200 [0m0.695 ms - 3870[0m
2019-08-29 17:48:54: [0mGET / [36m304 [0m0.481 ms - -[0m
2019-08-29 17:48:56: [0mGET /static/css/main.2cce8147.chunk.css [36m304 [0m0.731 ms - -[0m
2019-08-29 17:48:57: [0mGET /static/js/2.544d3805.chunk.js [36m304 [0m1.327 ms - -[0m
2019-08-29 17:48:57: [0mGET /static/js/main.0b37c113.chunk.js [36m304 [0m0.495 ms - -[0m
2019-08-29 17:48:64: [0mGET /static/media/logo.5d5d9eef.svg [36m304 [0m0.580 ms - -[0m
2019-08-29 17:48:66: [0mGET /favicon.ico [32m200 [0m0.611 ms - 3870[0m
2019-08-29 17:48:74: [0mGET / [36m304 [0m0.549 ms - -[0m
2019-08-29 17:48:77: [0mGET /static/css/main.2cce8147.chunk.css [36m304 [0m0.486 ms - -[0m
2019-08-29 17:48:77: [0mGET /static/js/2.544d3805.chunk.js [36m304 [0m0.455 ms - -[0m
2019-08-29 17:48:77: [0mGET /static/js/main.0b37c113.chunk.js [36m304 [0m0.331 ms - -[0m
2019-08-29 17:48:85: [0mGET /static/media/logo.5d5d9eef.svg [36m304 [0m0.500 ms - -[0m
2019-08-29 17:48:86: [0mGET /favicon.ico [32m200 [0m0.621 ms - 3870[0m
2019-08-29 17:48:84: [0mGET / [36m304 [0m0.435 ms - -[0m
2019-08-29 17:48:92: [0mGET /static/css/main.2cce8147.chunk.css [36m304 [0m0.718 ms - -[0m
2019-08-29 17:48:92: [0mGET /static/js/2.544d3805.chunk.js [36m304 [0m0.585 ms - -[0m
2019-08-29 17:48:93: [0mGET /static/js/main.0b37c113.chunk.js [36m304 [0m0.320 ms - -[0m
2019-08-29 17:48:96: [0mGET /static/media/logo.5d5d9eef.svg [36m304 [0m0.473 ms - -[0m
2019-08-29 17:48:05: [0mGET /favicon.ico [32m200 [0m0.626 ms - 3870[0m
2019-08-29 17:48:55: [0mGET / [36m304 [0m0.435 ms - -[0m
2019-08-29 17:48:63: [0mGET /static/css/main.2cce8147.chunk.css [36m304 [0m0.537 ms - -[0m
2019-08-29 17:48:65: [0mGET /static/js/2.544d3805.chunk.js [36m304 [0m11.678 ms - -[0m
2019-08-29 17:48:65: [0mGET /static/js/main.0b37c113.chunk.js [36m304 [0m4.622 ms - -[0m
2019-08-29 17:48:74: [0mGET /static/media/logo.5d5d9eef.svg [36m304 [0m0.476 ms - -[0m
2019-08-29 17:48:84: [0mGET /favicon.ico [32m200 [0m0.824 ms - 3870[0m
2019-08-29 17:48:29: [0mGET / [36m304 [0m0.454 ms - -[0m
2019-08-29 17:48:37: [0mGET /static/css/main.2cce8147.chunk.css [36m304 [0m0.605 ms - -[0m
2019-08-29 17:48:38: [0mGET /static/js/2.544d3805.chunk.js [36m304 [0m0.342 ms - -[0m
2019-08-29 17:48:38: [0mGET /static/js/main.0b37c113.chunk.js [36m304 [0m0.359 ms - -[0m
2019-08-29 17:48:47: [0mGET /static/media/logo.5d5d9eef.svg [36m304 [0m0.459 ms - -[0m
2019-08-29 17:48:56: [0mGET /favicon.ico [32m200 [0m0.794 ms - 3870[0m
2019-08-29 17:48:98: [0mGET / [32m200 [0m0.653 ms - 2223[0m
2019-08-29 17:48:07: [0mGET /static/css/main.2cce8147.chunk.css [32m200 [0m2.207 ms - 994[0m
2019-08-29 17:48:07: [0mGET /static/js/2.544d3805.chunk.js [32m200 [0m2.026 ms - 125653[0m
2019-08-29 17:48:07: [0mGET /static/js/main.0b37c113.chunk.js [32m200 [0m3.082 ms - 1149[0m
2019-08-29 17:48:30: [0mGET /static/media/logo.5d5d9eef.svg [32m200 [0m0.766 ms - 2671[0m
2019-08-29 17:48:40: [0mGET /favicon.ico [32m200 [0m0.651 ms - 3870[0m
2019-08-29 17:49:64: [0mGET / [36m304 [0m4.445 ms - -[0m
2019-08-29 17:49:77: [0mGET /static/css/main.2cce8147.chunk.css [36m304 [0m1.054 ms - -[0m
2019-08-29 17:49:78: [0mGET /static/js/2.544d3805.chunk.js [36m304 [0m1.512 ms - -[0m
2019-08-29 17:49:79: [0mGET /static/js/main.0b37c113.chunk.js [36m304 [0m0.430 ms - -[0m
2019-08-29 17:49:90: [0mGET /static/media/logo.5d5d9eef.svg [36m304 [0m0.444 ms - -[0m
2019-08-29 19:04:43: [0mGET / [32m200 [0m6.328 ms - 2223[0m
2019-08-29 19:04:50: [0mGET /static/css/main.2cce8147.chunk.css [32m200 [0m1.636 ms - 994[0m
2019-08-29 19:04:51: [0mGET /static/js/2.544d3805.chunk.js [32m200 [0m1.715 ms - 125653[0m
2019-08-29 19:04:51: [0mGET /static/js/main.0b37c113.chunk.js [32m200 [0m1.628 ms - 1149[0m
2019-08-29 19:04:61: [0mGET /static/media/logo.5d5d9eef.svg [32m200 [0m0.522 ms - 2671[0m
2019-08-29 19:04:63: [0mGET /favicon.ico [32m200 [0m0.699 ms - 3870[0m
2019-08-29 19:05:32: [0mGET /static/media/logo.5d5d9eef.svg [32m200 [0m5.803 ms - 2671[0m
2019-08-29 19:24:51: [0mGET / [32m200 [0m5.933 ms - 2223[0m
2019-08-29 19:24:60: [0mGET /static/css/main.2cce8147.chunk.css [32m200 [0m6.091 ms - 994[0m
2019-08-29 19:24:60: [0mGET /static/js/2.544d3805.chunk.js [32m200 [0m1.989 ms - 125653[0m
2019-08-29 19:24:66: [0mGET /static/js/main.0b37c113.chunk.js [32m200 [0m0.598 ms - 1149[0m
2019-08-29 19:24:17: [0mGET /static/media/logo.5d5d9eef.svg [32m200 [0m0.604 ms - 2671[0m
2019-08-29 19:24:28: [0mGET /favicon.ico [32m200 [0m0.601 ms - 3870[0m
2019-08-29 19:24:29: [0mGET /manifest.json [32m200 [0m0.497 ms - 497[0m
2019-08-29 19:24:37: [0mGET /logo192.png [32m200 [0m0.603 ms - 5347[0m
2019-08-29 19:24:38: [0mGET /favicon.ico [36m304 [0m4.121 ms - -[0m
2019-08-29 19:24:84: [0mGET / [36m304 [0m1.621 ms - -[0m
2019-08-29 19:24:95: [0mGET /static/css/main.2cce8147.chunk.css [36m304 [0m0.704 ms - -[0m
2019-08-29 19:24:95: [0mGET /static/js/2.544d3805.chunk.js [36m304 [0m0.582 ms - -[0m
2019-08-29 19:24:96: [0mGET /static/js/main.0b37c113.chunk.js [36m304 [0m0.313 ms - -[0m
2019-08-29 19:24:15: [0mGET /static/media/logo.5d5d9eef.svg [36m304 [0m0.433 ms - -[0m
2019-08-29 19:25:87: [0mGET / [32m200 [0m2.987 ms - 2223[0m
2019-08-29 19:57:41: [0mGET /remote/fgt_lang?lang=/../../../..//////////dev/cmdb/sslvpn_websession [33m404 [0m272.462 ms - 932[0m
2019-08-29 20:17:85: [0mGET / [32m200 [0m5.340 ms - 2223[0m
2019-08-29 21:54:35: [0mGET / [32m200 [0m6.603 ms - 2223[0m
2019-08-29 22:37:81: [0mGET / [32m200 [0m5.701 ms - 2223[0m
2019-08-29 22:48:11: [0mGET / [32m200 [0m6.471 ms - 2223[0m
2019-08-29 22:58:73: [0mGET /cache/global/img/gs.gif [33m404 [0m272.256 ms - 932[0m
2019-08-29 23:03:52: [0mGET / [32m200 [0m6.366 ms - 2223[0m
2019-08-29 23:34:54: [0mGET / [32m200 [0m5.680 ms - 2223[0m
2019-08-29 23:45:31: [0mGET / [32m200 [0m5.880 ms - 2223[0m
2019-08-29 23:46:27: [0mGET / [32m200 [0m1.138 ms - 2223[0m
2019-08-29 23:51:53: [0mGET / [36m304 [0m7.717 ms - -[0m
2019-08-29 23:51:55: [0mGET /static/css/main.2cce8147.chunk.css [36m304 [0m0.949 ms - -[0m
2019-08-29 23:51:56: [0mGET /static/js/main.0b37c113.chunk.js [36m304 [0m0.454 ms - -[0m
2019-08-29 23:51:57: [0mGET /static/js/2.544d3805.chunk.js [36m304 [0m6.688 ms - -[0m
2019-08-29 23:51:63: [0mGET /static/media/logo.5d5d9eef.svg [36m304 [0m0.747 ms - -[0m
2019-08-29 23:51:68: [0mGET /favicon.ico [36m304 [0m0.475 ms - -[0m
2019-08-30 00:36:73: [0mGET / [36m304 [0m6.836 ms - -[0m
2019-08-30 00:36:76: [0mGET /static/js/2.544d3805.chunk.js [36m304 [0m1.384 ms - -[0m
2019-08-30 00:36:78: [0mGET /static/css/main.2cce8147.chunk.css [36m304 [0m15.158 ms - -[0m
2019-08-30 00:36:78: [0mGET /static/js/main.0b37c113.chunk.js [36m304 [0m12.098 ms - -[0m
2019-08-30 00:36:83: [0mGET /static/media/logo.5d5d9eef.svg [36m304 [0m0.802 ms - -[0m
2019-08-30 00:41:85: [0mGET / [32m200 [0m7.528 ms - 2223[0m
2019-08-30 01:00:03: [0mGET / [32m200 [0m6.348 ms - 2223[0m
2019-08-30 01:39:53: [0mGET / [32m200 [0m5.886 ms - 2223[0m
2019-08-30 02:18:29: [0mGET / [32m200 [0m5.821 ms - 2223[0m
2019-08-30 02:38:15: [0mGET / [32m200 [0m5.460 ms - 2223[0m
2019-08-30 03:53:44: [0mGET / [32m200 [0m9.311 ms - 2223[0m
2019-08-30 04:00:57: [0mGET / [32m200 [0m5.996 ms - 2223[0m
2019-08-30 04:08:53: [0mGET /404/search_children.js [33m404 [0m266.908 ms - 932[0m
2019-08-30 04:16:08: [0mGET / [32m200 [0m5.630 ms - 2223[0m
2019-08-30 04:51:41: [0mGET / [32m200 [0m5.930 ms - 2223[0m
2019-08-30 05:35:76: [0mGET / [32m200 [0m5.423 ms - 2223[0m
2019-08-30 06:03:86: [0mGET / [32m200 [0m7.575 ms - 2223[0m
2019-08-30 06:57:80: [0mGET / [32m200 [0m9.730 ms - 2223[0m
2019-08-30 07:25:87: [0mGET / [32m200 [0m7.305 ms - 2223[0m
2019-08-30 07:49:61: [0mGET / [32m200 [0m5.981 ms - 2223[0m
2019-08-30 07:51:22: [0mGET /otsmobile/app/mgs/mgw.htm?operationType=com.cars.otsmobile.queryLeftTicket&requestData=%5B%7B%22train_date%22%3A%2220190909%22%2C%22purpose_codes%22%3A%2200%22%2C%22from_station%22%3A%22PIJ%22%2C%22to_station%22%3A%22POJ%22%2C%22station_train_code%22%3A%22%22%2C%22start_time_begin%22%3A%220000%22%2C%22start_time_end%22%3A%222400%22%2C%22train_headers%22%3A%22QB%23%22%2C%22train_flag%22%3A%22%22%2C%22seat_type%22%3A%22%22%2C%22seatBack_Type%22%3A%22%22%2C%22ticket_num%22%3A%22%22%2C%22dfpStr%22%3A%22%22%2C%22baseDTO%22%3A%7B%22check_code%22%3A%22e0cae9b94eebc43a6f05c9a5271e16c5%22%2C%22device_no%22%3A%22VXB5FpLAgeUDAF9qiX5olHvl%22%2C%22mobile_no%22%3A%22%22%2C%22os_type%22%3A%22a%22%2C%22time_str%22%3A%2220190830075147%22%2C%22user_name%22%3A%22%22%2C%22version_no%22%3A%224.2.10%22%7D%7D%5D&ts=1567122707791&sign= [33m404 [0m263.501 ms - 932[0m
2019-08-30 07:51:76: [0mGET /otsmobile/app/mgs/mgw.htm?operationType=com.cars.otsmobile.queryLeftTicket&requestData=%5B%7B%22train_date%22%3A%2220190909%22%2C%22purpose_codes%22%3A%2200%22%2C%22from_station%22%3A%22PIJ%22%2C%22to_station%22%3A%22POJ%22%2C%22station_train_code%22%3A%22%22%2C%22start_time_begin%22%3A%220000%22%2C%22start_time_end%22%3A%222400%22%2C%22train_headers%22%3A%22QB%23%22%2C%22train_flag%22%3A%22%22%2C%22seat_type%22%3A%22%22%2C%22seatBack_Type%22%3A%22%22%2C%22ticket_num%22%3A%22%22%2C%22dfpStr%22%3A%22%22%2C%22baseDTO%22%3A%7B%22check_code%22%3A%225860d0c00dd0cbec7d6bac00ce1a2ade%22%2C%22device_no%22%3A%22VXB5FpLAgeUDAF9qiX5olHvl%22%2C%22mobile_no%22%3A%22%22%2C%22os_type%22%3A%22a%22%2C%22time_str%22%3A%2220190830075148%22%2C%22user_name%22%3A%22%22%2C%22version_no%22%3A%224.2.10%22%7D%7D%5D&ts=1567122708598&sign= [33m404 [0m18.026 ms - 932[0m
2019-08-30 07:51:99: [0mGET /otsmobile/app/mgs/mgw.htm?operationType=com.cars.otsmobile.queryLeftTicket&requestData=%5B%7B%22train_date%22%3A%2220190909%22%2C%22purpose_codes%22%3A%2200%22%2C%22from_station%22%3A%22PIJ%22%2C%22to_station%22%3A%22POJ%22%2C%22station_train_code%22%3A%22%22%2C%22start_time_begin%22%3A%220000%22%2C%22start_time_end%22%3A%222400%22%2C%22train_headers%22%3A%22QB%23%22%2C%22train_flag%22%3A%22%22%2C%22seat_type%22%3A%22%22%2C%22seatBack_Type%22%3A%22%22%2C%22ticket_num%22%3A%22%22%2C%22dfpStr%22%3A%22%22%2C%22baseDTO%22%3A%7B%22check_code%22%3A%225860d0c00dd0cbec7d6bac00ce1a2ade%22%2C%22device_no%22%3A%22VXB5FpLAgeUDAF9qiX5olHvl%22%2C%22mobile_no%22%3A%22%22%2C%22os_type%22%3A%22a%22%2C%22time_str%22%3A%2220190830075148%22%2C%22user_name%22%3A%22%22%2C%22version_no%22%3A%224.2.10%22%7D%7D%5D&ts=1567122708800&sign= [33m404 [0m20.218 ms - 932[0m
2019-08-30 07:51:20: [0mPOST /otsmobile/app/mgs/mgw.htm [33m400 [0m38.214 ms - 901[0m
2019-08-30 07:52:02: [0mGET / [32m200 [0m5.478 ms - 2223[0m
2019-08-30 08:32:44: [0mGET / [32m200 [0m5.643 ms - 2223[0m
2019-08-30 08:56:02: [0mGET / [32m200 [0m6.950 ms - 2223[0m
2019-08-30 09:03:74: [0mGET /cache/global/img/gs.gif [33m404 [0m249.195 ms - 932[0m
2019-08-30 09:25:51: [0mGET / [36m304 [0m4.576 ms - -[0m
2019-08-30 09:25:59: [0mGET /static/css/main.2cce8147.chunk.css [36m304 [0m0.987 ms - -[0m
2019-08-30 09:25:59: [0mGET /static/js/2.544d3805.chunk.js [36m304 [0m0.724 ms - -[0m
2019-08-30 09:25:60: [0mGET /static/js/main.0b37c113.chunk.js [36m304 [0m1.197 ms - -[0m
2019-08-30 09:25:52: [0mGET /static/media/logo.5d5d9eef.svg [36m304 [0m0.479 ms - -[0m
2019-08-30 09:27:24: [0mGET / [32m200 [0m9.464 ms - 2223[0m
2019-08-30 09:27:33: [0mGET /static/css/main.2cce8147.chunk.css [32m200 [0m1.235 ms - 994[0m
2019-08-30 09:27:39: [0mGET /static/js/2.544d3805.chunk.js [32m200 [0m0.688 ms - 125653[0m
2019-08-30 09:27:40: [0mGET /static/js/main.0b37c113.chunk.js [32m200 [0m0.561 ms - 1149[0m
2019-08-30 09:27:10: [0mGET /static/media/logo.5d5d9eef.svg [32m200 [0m0.657 ms - 2671[0m
2019-08-30 09:27:13: [0mGET /favicon.ico [32m200 [0m0.670 ms - 3870[0m
2019-08-30 09:27:20: [0mGET /manifest.json [32m200 [0m0.676 ms - 497[0m
2019-08-30 09:27:22: [0mGET /logo192.png [32m200 [0m0.543 ms - 5347[0m
2019-08-30 09:27:61: [0mGET / [36m304 [0m1.488 ms - -[0m
2019-08-30 09:27:64: [0mGET /static/js/2.544d3805.chunk.js [36m304 [0m0.461 ms - -[0m
2019-08-30 09:27:65: [0mGET /static/css/main.2cce8147.chunk.css [36m304 [0m7.915 ms - -[0m
2019-08-30 09:27:65: [0mGET /static/js/main.0b37c113.chunk.js [36m304 [0m1.486 ms - -[0m
2019-08-30 09:28:06: [0mGET /static/media/logo.5d5d9eef.svg [36m304 [0m0.460 ms - -[0m
2019-08-30 09:28:08: [0mGET /manifest.json [36m304 [0m0.577 ms - -[0m
2019-08-30 09:28:09: [0mGET /logo192.png [36m304 [0m0.431 ms - -[0m
2019-08-30 09:28:41: [0mGET /favicon.ico [32m200 [0m9.676 ms - 3870[0m
2019-08-30 09:28:80: [0mGET / [32m200 [0m1.999 ms - 2223[0m
2019-08-30 09:28:00: [0mGET /static/css/main.2cce8147.chunk.css [32m200 [0m0.737 ms - 994[0m
2019-08-30 09:28:02: [0mGET /static/js/2.544d3805.chunk.js [32m200 [0m0.652 ms - 125653[0m
2019-08-30 09:28:02: [0mGET /static/js/main.0b37c113.chunk.js [32m200 [0m0.532 ms - 1149[0m
2019-08-30 09:28:21: [0mGET /static/media/logo.5d5d9eef.svg [32m200 [0m0.691 ms - 2671[0m
2019-08-30 09:28:32: [0mGET /favicon.ico [36m304 [0m1.428 ms - -[0m
2019-08-30 09:28:34: [0mGET /manifest.json [32m200 [0m0.687 ms - 497[0m
2019-08-30 09:28:35: [0mGET /logo192.png [32m200 [0m0.598 ms - 5347[0m
2019-08-30 09:50:62: [0mGET / [32m200 [0m6.462 ms - 53474[0m
2019-08-30 09:50:70: [0mGET /css/font-awesome.min.css [32m200 [0m1.209 ms - 20766[0m
2019-08-30 09:50:78: [0mGET /css/owl.carousel.css [32m200 [0m3.101 ms - 5921[0m
2019-08-30 09:50:78: [0mGET /css/animate.css [32m200 [0m7.120 ms - 68801[0m
2019-08-30 09:50:78: [0mGET /css/component.css [32m200 [0m3.768 ms - 3697[0m
2019-08-30 09:50:78: [0mGET /css/slit-slider.css [32m200 [0m2.727 ms - 4781[0m
2019-08-30 09:50:78: [0mGET /css/main.css [32m200 [0m1.784 ms - 29740[0m
2019-08-30 09:50:89: [0mGET /css/media-queries.css [32m200 [0m0.646 ms - 8678[0m
2019-08-30 09:50:01: [0mGET /js/modernizr-2.6.2.min.js [32m200 [0m0.609 ms - 15414[0m
2019-08-30 09:50:10: [0mGET /img/preloader.gif [32m200 [0m0.716 ms - 17494[0m
2019-08-30 09:50:21: [0mGET /img/meghna.png [32m200 [0m0.642 ms - 11520[0m
2019-08-30 09:50:04: [0mGET /img/logo-meghna.png [32m200 [0m0.748 ms - 4745[0m
2019-08-30 09:50:11: [0mGET /js/jquery-1.11.0.min.js [32m200 [0m0.850 ms - 96381[0m
2019-08-30 09:50:23: [0mGET /css/bootstrap.min.css [32m200 [0m3.492 ms - 109518[0m
2019-08-30 09:50:90: [0mGET /img/portfolio/portx1.jpg [32m200 [0m0.639 ms - 6237[0m
2019-08-30 09:50:99: [0mGET /js/modernizr-2.6.2.min.js [32m200 [0m1.336 ms - 15414[0m
2019-08-30 09:50:00: [0mGET /img/meghna.png [32m200 [0m0.502 ms - 11520[0m
2019-08-30 09:50:90: [0mGET /css/bootstrap.min.css [32m200 [0m1.086 ms - 109518[0m
2019-08-30 09:50:42: [0mGET /js/bootstrap.min.js [32m200 [0m0.660 ms - 31819[0m
2019-08-30 09:50:85: [0mGET /js/jquery.slitslider.js [32m200 [0m1.409 ms - 15593[0m
2019-08-30 09:50:85: [0mGET /js/jquery.ba-cond.min.js [32m200 [0m1.348 ms - 521[0m
2019-08-30 09:50:15: [0mGET /js/jquery.parallax-1.1.3.js [32m200 [0m0.626 ms - 1770[0m
2019-08-30 09:50:16: [0mGET /js/owl.carousel.min.js [32m200 [0m0.774 ms - 15060[0m
2019-08-30 09:50:36: [0mGET /js/jquery.mixitup.min.js [32m200 [0m0.639 ms - 28344[0m
2019-08-30 09:50:07: [0mGET /js/jquery.nicescroll.min.js [32m200 [0m0.681 ms - 57983[0m
2019-08-30 09:50:08: [0mGET /js/jquery.appear.js [32m200 [0m0.588 ms - 3188[0m
2019-08-30 09:50:58: [0mGET /js/jquery.easing-1.3.pack.js [32m200 [0m2.339 ms - 8699[0m
2019-08-30 09:50:58: [0mGET /js/easyPieChart.js [32m200 [0m2.765 ms - 3920[0m
2019-08-30 09:50:58: [0mGET /js/jquery.nav.js [32m200 [0m2.789 ms - 5138[0m
2019-08-30 09:50:58: [0mGET /js/tweetie.min.js [32m200 [0m2.023 ms - 2169[0m
2019-08-30 09:50:79: [0mGET /fonts/fontawesome-webfont.woff?v=4.1.0 [32m200 [0m0.757 ms - 83760[0m
2019-08-30 09:50:58: [0mGET /js/jquery.sticky.js [32m200 [0m0.658 ms - 5654[0m
2019-08-30 09:50:07: [0mGET /js/jquery.countTo.js [32m200 [0m0.655 ms - 2501[0m
2019-08-30 09:50:26: [0mGET /js/wow.min.js [32m200 [0m0.600 ms - 4776[0m
2019-08-30 09:50:48: [0mGET /js/jquery.fitvids.js [32m200 [0m0.922 ms - 3261[0m
2019-08-30 09:50:55: [0mGET /js/grid.js [32m200 [0m0.868 ms - 14173[0m
2019-08-30 09:50:89: [0mGET /js/custom.js [32m200 [0m0.770 ms - 10436[0m
2019-08-30 09:50:60: [0mGET /img/slides/2.jpg [32m200 [0m1.029 ms - 188252[0m
2019-08-30 09:50:78: [0mGET /img/portfolio/portx1.jpg [32m200 [0m0.646 ms - 6237[0m
2019-08-30 09:50:17: [0mGET /img/slides/3.jpg [32m200 [0m0.700 ms - 195601[0m
2019-08-30 09:50:31: [0mGET /img/team/member-1.jpg [32m200 [0m0.668 ms - 2813[0m
2019-08-30 09:50:32: [0mGET /img/team/client.jpg [32m200 [0m0.635 ms - 2318[0m
2019-08-30 09:50:60: [0mGET /img/blog/amazing-caves-coverimage.jpg [32m200 [0m0.757 ms - 4950[0m
2019-08-30 09:50:72: [0mGET /img/blog/bicycle.jpg [32m200 [0m0.647 ms - 4950[0m
2019-08-30 09:50:82: [0mGET /img/blog/3D-beach-art.jpg [32m200 [0m0.626 ms - 4950[0m
2019-08-30 09:50:95: [0mGET /api/tweet.php?username=&list=&hashtag=&count=1&exclude_replies=false [32m200 [0m0.684 ms - 2395[0m
2019-08-30 09:50:53: [0mGET /img/slides/1.jpg [32m200 [0m1.528 ms - 205619[0m
2019-08-30 09:50:84: [0mGET /img/parallax/skills.jpg [32m200 [0m0.700 ms - 120717[0m
2019-08-30 09:51:94: [0mGET /img/parallax/city.jpg [32m200 [0m0.666 ms - 406551[0m
2019-08-30 09:51:83: [0mGET /img/favicon.png [32m200 [0m5.991 ms - 1373[0m
2019-08-30 09:51:57: [0mGET /favicon.ico [33m404 [0m272.040 ms - 932[0m
2019-08-30 09:51:58: [0mGET / [32m200 [0m3.578 ms - 53474[0m
2019-08-30 09:51:82: [0mGET /css/font-awesome.min.css [32m200 [0m1.515 ms - 20766[0m
2019-08-30 09:51:82: [0mGET /css/bootstrap.min.css [32m200 [0m1.825 ms - 109518[0m
2019-08-30 09:51:90: [0mGET /css/animate.css [32m200 [0m2.010 ms - 68801[0m
2019-08-30 09:51:90: [0mGET /css/component.css [32m200 [0m2.616 ms - 3697[0m
2019-08-30 09:51:90: [0mGET /css/slit-slider.css [32m200 [0m2.798 ms - 4781[0m
2019-08-30 09:51:90: [0mGET /css/owl.carousel.css [32m200 [0m2.459 ms - 5921[0m
2019-08-30 09:51:11: [0mGET /css/main.css [32m200 [0m0.663 ms - 29740[0m
2019-08-30 09:51:40: [0mGET /css/media-queries.css [32m200 [0m0.624 ms - 8678[0m
2019-08-30 09:51:41: [0mGET /js/modernizr-2.6.2.min.js [32m200 [0m0.524 ms - 15414[0m
2019-08-30 09:51:13: [0mGET /img/preloader.gif [32m200 [0m0.697 ms - 17494[0m
2019-08-30 09:51:82: [0mGET /img/meghna.png [32m200 [0m0.571 ms - 11520[0m
2019-08-30 09:51:57: [0mGET /js/bootstrap.min.js [32m200 [0m0.670 ms - 31819[0m
2019-08-30 09:51:43: [0mGET /js/jquery-1.11.0.min.js [32m200 [0m0.642 ms - 96381[0m
2019-08-30 09:51:00: [0mGET /js/jquery.slitslider.js [32m200 [0m0.635 ms - 15593[0m
2019-08-30 09:51:09: [0mGET /js/jquery.ba-cond.min.js [32m200 [0m0.681 ms - 521[0m
2019-08-30 09:51:11: [0mGET /js/jquery.parallax-1.1.3.js [32m200 [0m0.750 ms - 1770[0m
2019-08-30 09:51:18: [0mGET /js/owl.carousel.min.js [32m200 [0m0.786 ms - 15060[0m
2019-08-30 09:51:41: [0mGET /js/jquery.mixitup.min.js [32m200 [0m0.627 ms - 28344[0m
2019-08-30 09:51:13: [0mGET /js/jquery.nicescroll.min.js [32m200 [0m0.629 ms - 57983[0m
2019-08-30 09:51:55: [0mGET /js/jquery.appear.js [32m200 [0m0.591 ms - 3188[0m
2019-08-30 09:51:56: [0mGET /js/easyPieChart.js [32m200 [0m0.587 ms - 3920[0m
2019-08-30 09:51:78: [0mGET /js/jquery.easing-1.3.pack.js [32m200 [0m0.675 ms - 8699[0m
2019-08-30 09:51:86: [0mGET /js/tweetie.min.js [32m200 [0m0.650 ms - 2169[0m
2019-08-30 09:51:87: [0mGET /js/jquery.nav.js [32m200 [0m0.595 ms - 5138[0m
2019-08-30 09:51:09: [0mGET /js/jquery.sticky.js [32m200 [0m0.599 ms - 5654[0m
2019-08-30 09:51:16: [0mGET /js/jquery.countTo.js [32m200 [0m0.693 ms - 2501[0m
2019-08-30 09:51:17: [0mGET /js/wow.min.js [32m200 [0m0.986 ms - 4776[0m
2019-08-30 09:51:27: [0mGET /js/jquery.fitvids.js [32m200 [0m0.618 ms - 3261[0m
2019-08-30 09:51:28: [0mGET /js/grid.js [32m200 [0m0.505 ms - 14173[0m
2019-08-30 09:51:60: [0mGET /js/custom.js [32m200 [0m8.329 ms - 10436[0m
2019-08-30 09:51:76: [0mGET /img/logo-meghna.png [32m200 [0m0.679 ms - 4745[0m
2019-08-30 09:51:09: [0mGET /img/portfolio/portx1.jpg [32m200 [0m0.609 ms - 6237[0m
2019-08-30 09:51:18: [0mGET /img/team/member-1.jpg [32m200 [0m0.615 ms - 2813[0m
2019-08-30 09:51:19: [0mGET /img/team/client.jpg [32m200 [0m1.370 ms - 2318[0m
2019-08-30 09:51:19: [0mGET /img/blog/amazing-caves-coverimage.jpg [32m200 [0m1.445 ms - 4950[0m
2019-08-30 09:51:21: [0mGET /img/blog/bicycle.jpg [32m200 [0m0.643 ms - 4950[0m
2019-08-30 09:51:28: [0mGET /img/blog/3D-beach-art.jpg [32m200 [0m0.580 ms - 4950[0m
2019-08-30 09:51:88: [0mGET /img/slides/3.jpg [32m200 [0m3.574 ms - 195601[0m
2019-08-30 09:51:35: [0mGET /img/parallax/skills.jpg [32m200 [0m1.986 ms - 120717[0m
2019-08-30 09:52:22: [0mGET /fonts/fontawesome-webfont.woff?v=4.1.0 [32m200 [0m0.739 ms - 83760[0m
2019-08-30 09:52:37: [0mGET /api/tweet.php?username=&list=&hashtag=&count=1&exclude_replies=false [32m200 [0m1.133 ms - 2395[0m
2019-08-30 09:52:83: [0mGET /img/slides/1.jpg [32m200 [0m5.652 ms - 205619[0m
2019-08-30 09:52:48: [0mGET /img/favicon.png [32m200 [0m0.759 ms - 1373[0m
2019-08-30 09:52:20: [0mGET / [32m200 [0m9.433 ms - 53474[0m
2019-08-30 09:53:61: [0mGET /favicon.ico [33m404 [0m261.663 ms - 932[0m
2019-08-30 09:54:07: [0mGET /favicon.ico [33m404 [0m270.997 ms - 932[0m
2019-08-30 09:54:09: [0mGET / [36m304 [0m2.032 ms - -[0m
2019-08-30 09:54:30: [0mGET /css/bootstrap.min.css [36m304 [0m3.063 ms - -[0m
2019-08-30 09:54:30: [0mGET /css/font-awesome.min.css [36m304 [0m3.656 ms - -[0m
2019-08-30 09:54:32: [0mGET /css/animate.css [36m304 [0m0.831 ms - -[0m
2019-08-30 09:54:33: [0mGET /css/component.css [36m304 [0m0.367 ms - -[0m
2019-08-30 09:54:33: [0mGET /css/owl.carousel.css [36m304 [0m2.465 ms - -[0m
2019-08-30 09:54:33: [0mGET /css/main.css [36m304 [0m2.084 ms - -[0m
2019-08-30 09:54:33: [0mGET /css/slit-slider.css [36m304 [0m1.269 ms - -[0m
2019-08-30 09:54:39: [0mGET /js/modernizr-2.6.2.min.js [36m304 [0m1.432 ms - -[0m
2019-08-30 09:54:40: [0mGET /css/media-queries.css [36m304 [0m1.398 ms - -[0m
2019-08-30 09:54:40: [0mGET /img/preloader.gif [36m304 [0m0.513 ms - -[0m
2019-08-30 09:54:40: [0mGET /img/meghna.png [36m304 [0m0.386 ms - -[0m
2019-08-30 09:54:50: [0mGET /js/jquery-1.11.0.min.js [36m304 [0m1.366 ms - -[0m
2019-08-30 09:54:50: [0mGET /js/bootstrap.min.js [36m304 [0m1.324 ms - -[0m
2019-08-30 09:54:60: [0mGET /js/jquery.mixitup.min.js [36m304 [0m0.555 ms - -[0m
2019-08-30 09:54:60: [0mGET /js/owl.carousel.min.js [36m304 [0m0.435 ms - -[0m
2019-08-30 09:54:60: [0mGET /js/jquery.nicescroll.min.js [36m304 [0m3.111 ms - -[0m
2019-08-30 09:54:60: [0mGET /js/jquery.slitslider.js [36m304 [0m1.933 ms - -[0m
2019-08-30 09:54:61: [0mGET /js/jquery.parallax-1.1.3.js [36m304 [0m1.890 ms - -[0m
2019-08-30 09:54:61: [0mGET /js/jquery.ba-cond.min.js [36m304 [0m1.516 ms - -[0m
2019-08-30 09:54:62: [0mGET /fonts/fontawesome-webfont.woff?v=4.1.0 [36m304 [0m0.595 ms - -[0m
2019-08-30 09:54:62: [0mGET /js/jquery.appear.js [36m304 [0m0.519 ms - -[0m
2019-08-30 09:54:62: [0mGET /js/easyPieChart.js [36m304 [0m0.348 ms - -[0m
2019-08-30 09:54:63: [0mGET /js/jquery.easing-1.3.pack.js [36m304 [0m0.704 ms - -[0m
2019-08-30 09:54:63: [0mGET /js/tweetie.min.js [36m304 [0m1.397 ms - -[0m
2019-08-30 09:54:63: [0mGET /js/jquery.nav.js [36m304 [0m1.155 ms - -[0m
2019-08-30 09:54:64: [0mGET /js/jquery.sticky.js [36m304 [0m1.506 ms - -[0m
2019-08-30 09:54:64: [0mGET /js/wow.min.js [36m304 [0m1.714 ms - -[0m
2019-08-30 09:54:64: [0mGET /js/jquery.countTo.js [36m304 [0m1.293 ms - -[0m
2019-08-30 09:54:70: [0mGET /js/jquery.fitvids.js [36m304 [0m1.532 ms - -[0m
2019-08-30 09:54:70: [0mGET /js/custom.js [36m304 [0m1.928 ms - -[0m
2019-08-30 09:54:70: [0mGET /js/grid.js [36m304 [0m1.703 ms - -[0m
2019-08-30 09:54:71: [0mGET /img/logo-meghna.png [36m304 [0m0.557 ms - -[0m
2019-08-30 09:54:71: [0mGET /img/slides/1.jpg [36m304 [0m3.103 ms - -[0m
2019-08-30 09:54:71: [0mGET /img/slides/3.jpg [36m304 [0m0.314 ms - -[0m
2019-08-30 09:54:71: [0mGET /img/slides/2.jpg [32m206 [0m5.374 ms - 1[0m
2019-08-30 09:54:72: [0mGET /img/team/member-1.jpg [36m304 [0m0.558 ms - -[0m
2019-08-30 09:54:72: [0mGET /img/team/client.jpg [36m304 [0m0.319 ms - -[0m
2019-08-30 09:54:73: [0mGET /img/portfolio/portx1.jpg [36m304 [0m0.430 ms - -[0m
2019-08-30 09:54:74: [0mGET /img/blog/amazing-caves-coverimage.jpg [36m304 [0m2.784 ms - -[0m
2019-08-30 09:54:74: [0mGET /img/blog/3D-beach-art.jpg [36m304 [0m0.504 ms - -[0m
2019-08-30 09:54:74: [0mGET /img/slides/2.jpg [32m206 [0m4.298 ms - 101651[0m
2019-08-30 09:54:74: [0mGET /img/parallax/twitter.jpg [32m206 [0m0.787 ms - 1[0m
2019-08-30 09:54:74: [0mGET /img/blog/bicycle.jpg [36m304 [0m4.892 ms - -[0m
2019-08-30 09:54:75: [0mGET /img/parallax/bicycle.jpg [32m206 [0m3.720 ms - 1[0m
2019-08-30 09:54:82: [0mGET /img/parallax/city.jpg [32m206 [0m0.644 ms - 1[0m
2019-08-30 09:54:82: [0mGET /img/parallax/skills.jpg [36m304 [0m0.555 ms - -[0m
2019-08-30 09:54:91: [0mGET /api/tweet.php?username=&list=&hashtag=&count=1&exclude_replies=false [36m304 [0m0.551 ms - -[0m
2019-08-30 09:54:82: [0mGET /img/parallax/twitter.jpg [32m206 [0m0.670 ms - 43496[0m
2019-08-30 09:54:16: [0mGET /img/parallax/city.jpg [32m206 [0m0.793 ms - 112886[0m
2019-08-30 09:54:41: [0mGET /favicon.ico [33m404 [0m23.623 ms - 932[0m
2019-08-30 09:54:85: [0mGET / [36m304 [0m0.799 ms - -[0m
2019-08-30 09:54:90: [0mGET /favicon.ico [33m404 [0m227.631 ms - 932[0m
2019-08-30 09:54:07: [0mGET /css/font-awesome.min.css [36m304 [0m2.248 ms - -[0m
2019-08-30 09:54:07: [0mGET /css/bootstrap.min.css [36m304 [0m1.082 ms - -[0m
2019-08-30 09:54:07: [0mGET /css/owl.carousel.css [36m304 [0m1.018 ms - -[0m
2019-08-30 09:54:07: [0mGET /css/component.css [36m304 [0m0.356 ms - -[0m
2019-08-30 09:54:08: [0mGET /css/animate.css [36m304 [0m0.540 ms - -[0m
2019-08-30 09:54:08: [0mGET /css/slit-slider.css [36m304 [0m0.354 ms - -[0m
2019-08-30 09:54:14: [0mGET /css/media-queries.css [36m304 [0m0.545 ms - -[0m
2019-08-30 09:54:15: [0mGET /js/modernizr-2.6.2.min.js [36m304 [0m1.704 ms - -[0m
2019-08-30 09:54:15: [0mGET /css/main.css [36m304 [0m1.557 ms - -[0m
2019-08-30 09:54:15: [0mGET /img/preloader.gif [36m304 [0m0.312 ms - -[0m
2019-08-30 09:54:15: [0mGET /img/meghna.png [36m304 [0m0.385 ms - -[0m
2019-08-30 09:54:25: [0mGET /js/bootstrap.min.js [36m304 [0m1.291 ms - -[0m
2019-08-30 09:54:25: [0mGET /js/jquery-1.11.0.min.js [36m304 [0m1.276 ms - -[0m
2019-08-30 09:54:35: [0mGET /js/jquery.nicescroll.min.js [36m304 [0m0.489 ms - -[0m
2019-08-30 09:54:35: [0mGET /js/jquery.slitslider.js [36m304 [0m3.180 ms - -[0m
2019-08-30 09:54:35: [0mGET /js/jquery.parallax-1.1.3.js [36m304 [0m2.212 ms - -[0m
2019-08-30 09:54:35: [0mGET /js/jquery.ba-cond.min.js [36m304 [0m2.069 ms - -[0m
2019-08-30 09:54:36: [0mGET /js/jquery.mixitup.min.js [36m304 [0m2.010 ms - -[0m
2019-08-30 09:54:36: [0mGET /js/owl.carousel.min.js [36m304 [0m1.405 ms - -[0m
2019-08-30 09:54:37: [0mGET /fonts/fontawesome-webfont.woff?v=4.1.0 [36m304 [0m0.629 ms - -[0m
2019-08-30 09:54:39: [0mGET /js/easyPieChart.js [36m304 [0m0.866 ms - -[0m
2019-08-30 09:54:39: [0mGET /js/jquery.easing-1.3.pack.js [36m304 [0m0.629 ms - -[0m
2019-08-30 09:54:39: [0mGET /js/tweetie.min.js [36m304 [0m2.548 ms - -[0m
2019-08-30 09:54:39: [0mGET /js/jquery.nav.js [36m304 [0m0.515 ms - -[0m
2019-08-30 09:54:40: [0mGET /js/jquery.appear.js [36m304 [0m3.424 ms - -[0m
2019-08-30 09:54:45: [0mGET /js/jquery.sticky.js [36m304 [0m0.454 ms - -[0m
2019-08-30 09:54:45: [0mGET /img/logo-meghna.png [36m304 [0m0.490 ms - -[0m
2019-08-30 09:54:46: [0mGET /img/slides/1.jpg [36m304 [0m0.528 ms - -[0m
2019-08-30 09:54:46: [0mGET /img/slides/2.jpg [36m304 [0m1.112 ms - -[0m
2019-08-30 09:54:46: [0mGET /img/slides/3.jpg [36m304 [0m0.989 ms - -[0m
2019-08-30 09:54:46: [0mGET /js/jquery.countTo.js [36m304 [0m0.312 ms - -[0m
2019-08-30 09:54:48: [0mGET /js/wow.min.js [36m304 [0m0.542 ms - -[0m
2019-08-30 09:54:48: [0mGET /js/jquery.fitvids.js [36m304 [0m0.414 ms - -[0m
2019-08-30 09:54:48: [0mGET /js/grid.js [36m304 [0m0.448 ms - -[0m
2019-08-30 09:54:48: [0mGET /js/custom.js [36m304 [0m0.367 ms - -[0m
2019-08-30 09:54:48: [0mGET /img/portfolio/portx1.jpg [36m304 [0m0.427 ms - -[0m
2019-08-30 09:54:49: [0mGET /img/team/member-1.jpg [36m304 [0m0.284 ms - -[0m
2019-08-30 09:54:55: [0mGET /img/blog/bicycle.jpg [36m304 [0m0.521 ms - -[0m
2019-08-30 09:54:56: [0mGET /img/blog/3D-beach-art.jpg [36m304 [0m0.465 ms - -[0m
2019-08-30 09:54:56: [0mGET /img/blog/amazing-caves-coverimage.jpg [36m304 [0m3.010 ms - -[0m
2019-08-30 09:54:56: [0mGET /img/team/client.jpg [36m304 [0m0.519 ms - -[0m
2019-08-30 09:54:56: [0mGET /img/parallax/twitter.jpg [36m304 [0m0.667 ms - -[0m
2019-08-30 09:54:56: [0mGET /img/parallax/bicycle.jpg [32m206 [0m6.381 ms - 1[0m
2019-08-30 09:54:58: [0mGET /img/parallax/skills.jpg [36m304 [0m0.571 ms - -[0m
2019-08-30 09:54:58: [0mGET /img/parallax/city.jpg [36m304 [0m0.374 ms - -[0m
2019-08-30 09:54:66: [0mGET /api/tweet.php?username=&list=&hashtag=&count=1&exclude_replies=false [36m304 [0m0.516 ms - -[0m
2019-08-30 09:54:86: [0mGET /img/parallax/bicycle.jpg [32m206 [0m0.920 ms - 455694[0m
2019-08-30 09:54:49: [0mGET /favicon.ico [33m404 [0m16.575 ms - 932[0m
2019-08-30 09:56:64: [0mGET / [32m200 [0m5.967 ms - 53474[0m
2019-08-30 09:56:84: [0mGET /css/font-awesome.min.css [32m200 [0m5.248 ms - 20766[0m
2019-08-30 09:56:88: [0mGET /css/bootstrap.min.css [32m200 [0m0.710 ms - 109518[0m
2019-08-30 09:56:89: [0mGET /css/component.css [32m200 [0m1.830 ms - 3697[0m
2019-08-30 09:56:89: [0mGET /css/main.css [32m200 [0m2.540 ms - 29740[0m
2019-08-30 09:56:89: [0mGET /css/animate.css [32m200 [0m3.002 ms - 68801[0m
2019-08-30 09:56:89: [0mGET /css/owl.carousel.css [32m200 [0m2.629 ms - 5921[0m
2019-08-30 09:56:89: [0mGET /css/slit-slider.css [32m200 [0m2.276 ms - 4781[0m
2019-08-30 09:56:97: [0mGET /css/media-queries.css [32m200 [0m0.609 ms - 8678[0m
2019-08-30 09:56:11: [0mGET /js/modernizr-2.6.2.min.js [32m200 [0m0.703 ms - 15414[0m
2019-08-30 09:56:28: [0mGET /img/preloader.gif [32m200 [0m0.592 ms - 17494[0m
2019-08-30 09:56:04: [0mGET /img/meghna.png [32m200 [0m0.764 ms - 11520[0m
2019-08-30 09:56:48: [0mGET / [32m200 [0m0.664 ms - 53474[0m
2019-08-30 09:56:12: [0mGET /js/jquery-1.11.0.min.js [32m200 [0m0.632 ms - 96381[0m
2019-08-30 09:56:17: [0mGET /css/font-awesome.min.css [32m200 [0m0.670 ms - 20766[0m
2019-08-30 09:56:24: [0mGET /css/owl.carousel.css [32m200 [0m1.949 ms - 5921[0m
2019-08-30 09:56:24: [0mGET /css/component.css [32m200 [0m2.094 ms - 3697[0m
2019-08-30 09:56:44: [0mGET /css/animate.css [32m200 [0m0.584 ms - 68801[0m
2019-08-30 09:56:07: [0mGET /js/bootstrap.min.js [32m200 [0m0.647 ms - 31819[0m
2019-08-30 09:56:09: [0mGET /css/slit-slider.css [32m200 [0m0.445 ms - 4781[0m
2019-08-30 09:56:37: [0mGET /css/main.css [32m200 [0m0.609 ms - 29740[0m
2019-08-30 09:56:45: [0mGET /css/media-queries.css [32m200 [0m0.590 ms - 8678[0m
2019-08-30 09:56:80: [0mGET /js/jquery.slitslider.js [32m200 [0m0.614 ms - 15593[0m
2019-08-30 09:56:88: [0mGET /js/modernizr-2.6.2.min.js [32m200 [0m0.663 ms - 15414[0m
2019-08-30 09:56:00: [0mGET /css/bootstrap.min.css [32m200 [0m2.097 ms - 109518[0m
2019-08-30 09:56:33: [0mGET /img/preloader.gif [32m200 [0m0.568 ms - 17494[0m
2019-08-30 09:56:86: [0mGET /js/jquery.ba-cond.min.js [32m200 [0m0.605 ms - 521[0m
2019-08-30 09:56:88: [0mGET /js/jquery.parallax-1.1.3.js [32m200 [0m0.599 ms - 1770[0m
2019-08-30 09:56:90: [0mGET /js/owl.carousel.min.js [32m200 [0m0.649 ms - 15060[0m
2019-08-30 09:56:06: [0mGET /js/jquery.mixitup.min.js [32m200 [0m0.640 ms - 28344[0m
2019-08-30 09:56:73: [0mGET /img/meghna.png [32m200 [0m0.618 ms - 11520[0m
2019-08-30 09:56:14: [0mGET /js/jquery.nicescroll.min.js [32m200 [0m0.596 ms - 57983[0m
2019-08-30 09:56:32: [0mGET /js/jquery.appear.js [32m200 [0m0.603 ms - 3188[0m
2019-08-30 09:56:54: [0mGET /js/easyPieChart.js [32m200 [0m0.618 ms - 3920[0m
2019-08-30 09:56:83: [0mGET /js/jquery.easing-1.3.pack.js [32m200 [0m16.591 ms - 8699[0m
2019-08-30 09:56:14: [0mGET /js/jquery-1.11.0.min.js [32m200 [0m0.849 ms - 96381[0m
2019-08-30 09:56:22: [0mGET /js/bootstrap.min.js [32m200 [0m0.886 ms - 31819[0m
2019-08-30 09:56:56: [0mGET /js/tweetie.min.js [32m200 [0m0.770 ms - 2169[0m
2019-08-30 09:56:84: [0mGET /js/jquery.nav.js [32m200 [0m0.618 ms - 5138[0m
2019-08-30 09:56:78: [0mGET /js/jquery.slitslider.js [32m200 [0m0.586 ms - 15593[0m
2019-08-30 09:56:97: [0mGET /js/jquery.sticky.js [32m200 [0m0.605 ms - 5654[0m
2019-08-30 09:56:28: [0mGET /js/jquery.countTo.js [32m200 [0m0.639 ms - 2501[0m
2019-08-30 09:56:77: [0mGET /js/wow.min.js [32m200 [0m0.582 ms - 4776[0m
2019-08-30 09:56:90: [0mGET /js/jquery.ba-cond.min.js [32m200 [0m0.792 ms - 521[0m
2019-08-30 09:56:38: [0mGET /js/jquery.parallax-1.1.3.js [32m200 [0m0.779 ms - 1770[0m
2019-08-30 09:56:46: [0mGET /js/jquery.fitvids.js [32m200 [0m0.588 ms - 3261[0m
2019-08-30 09:56:58: [0mGET /js/owl.carousel.min.js [32m200 [0m1.377 ms - 15060[0m
2019-08-30 09:56:58: [0mGET /js/grid.js [32m200 [0m1.419 ms - 14173[0m
2019-08-30 09:56:59: [0mGET /js/jquery.mixitup.min.js [32m200 [0m1.849 ms - 28344[0m
2019-08-30 09:56:60: [0mGET /js/easyPieChart.js [32m200 [0m12.178 ms - 3920[0m
2019-08-30 09:56:60: [0mGET /js/jquery.nicescroll.min.js [32m200 [0m2.594 ms - 57983[0m
2019-08-30 09:56:61: [0mGET /js/jquery.appear.js [32m200 [0m8.255 ms - 3188[0m
2019-08-30 09:56:64: [0mGET /fonts/fontawesome-webfont.woff?v=4.1.0 [32m200 [0m0.689 ms - 83760[0m
2019-08-30 09:56:08: [0mGET /js/custom.js [32m200 [0m0.627 ms - 10436[0m
2019-08-30 09:56:31: [0mGET /img/logo-meghna.png [32m200 [0m0.645 ms - 4745[0m
2019-08-30 09:56:03: [0mGET /img/portfolio/portx1.jpg [32m200 [0m0.613 ms - 6237[0m
2019-08-30 09:56:07: [0mGET /img/team/member-1.jpg [32m200 [0m0.612 ms - 2813[0m
2019-08-30 09:56:38: [0mGET /img/team/client.jpg [32m200 [0m6.607 ms - 2318[0m
2019-08-30 09:56:41: [0mGET /img/blog/amazing-caves-coverimage.jpg [32m200 [0m0.601 ms - 4950[0m
2019-08-30 09:56:51: [0mGET /img/blog/bicycle.jpg [32m200 [0m0.830 ms - 4950[0m
2019-08-30 09:56:55: [0mGET /img/blog/3D-beach-art.jpg [32m200 [0m0.596 ms - 4950[0m
2019-08-30 09:56:75: [0mGET /img/slides/3.jpg [32m200 [0m1.018 ms - 195601[0m
2019-08-30 09:56:67: [0mGET /img/slides/2.jpg [32m200 [0m0.847 ms - 188252[0m
2019-08-30 09:56:03: [0mGET /img/logo-meghna.png [32m200 [0m0.456 ms - 4745[0m
2019-08-30 09:56:76: [0mGET /js/jquery.easing-1.3.pack.js [32m200 [0m0.542 ms - 8699[0m
2019-08-30 09:56:84: [0mGET /js/tweetie.min.js [32m200 [0m0.603 ms - 2169[0m
2019-08-30 09:56:96: [0mGET /js/jquery.nav.js [32m200 [0m0.614 ms - 5138[0m
2019-08-30 09:56:04: [0mGET /js/jquery.sticky.js [32m200 [0m0.572 ms - 5654[0m
2019-08-30 09:56:15: [0mGET /img/slides/3.jpg [32m200 [0m1.020 ms - 195601[0m
2019-08-30 09:56:18: [0mGET /js/jquery.countTo.js [32m200 [0m0.626 ms - 2501[0m
2019-08-30 09:56:80: [0mGET /js/wow.min.js [32m200 [0m0.696 ms - 4776[0m
2019-08-30 09:56:27: [0mGET /img/slides/2.jpg [32m200 [0m1.503 ms - 188252[0m
2019-08-30 09:56:14: [0mGET /js/jquery.fitvids.js [32m200 [0m0.600 ms - 3261[0m
2019-08-30 09:56:61: [0mGET /js/grid.js [32m200 [0m0.622 ms - 14173[0m
2019-08-30 09:56:52: [0mGET /img/portfolio/portx1.jpg [32m200 [0m0.613 ms - 6237[0m
2019-08-30 09:56:18: [0mGET /js/custom.js [32m200 [0m0.612 ms - 10436[0m
2019-08-30 09:56:41: [0mGET /img/team/member-1.jpg [32m200 [0m0.604 ms - 2813[0m
2019-08-30 09:56:53: [0mGET /img/team/client.jpg [32m200 [0m0.575 ms - 2318[0m
2019-08-30 09:56:15: [0mGET /img/blog/amazing-caves-coverimage.jpg [32m200 [0m0.685 ms - 4950[0m
2019-08-30 09:56:18: [0mGET /img/blog/bicycle.jpg [32m200 [0m0.675 ms - 4950[0m
2019-08-30 09:56:54: [0mGET /fonts/fontawesome-webfont.woff?v=4.1.0 [32m200 [0m0.720 ms - 83760[0m
2019-08-30 09:56:42: [0mGET /api/tweet.php?username=&list=&hashtag=&count=1&exclude_replies=false [32m200 [0m0.639 ms - 2395[0m
2019-08-30 09:56:98: [0mGET /img/blog/3D-beach-art.jpg [32m200 [0m0.659 ms - 4950[0m
2019-08-30 09:56:80: [0mGET /img/parallax/skills.jpg [32m200 [0m0.700 ms - 120717[0m
2019-08-30 09:56:05: [0mGET /api/tweet.php?username=&list=&hashtag=&count=1&exclude_replies=false [32m200 [0m0.669 ms - 2395[0m
2019-08-30 09:56:73: [0mGET /img/parallax/city.jpg [32m200 [0m0.614 ms - 406551[0m
2019-08-30 09:56:30: [0mGET /img/parallax/city.jpg [32m200 [0m0.540 ms - 406551[0m
2019-08-30 09:57:42: [0mGET /img/parallax/twitter.jpg [32m200 [0m0.563 ms - 425489[0m
2019-08-30 09:57:11: [0mGET /img/parallax/bicycle.jpg [32m200 [0m6.173 ms - 1070539[0m
2019-08-30 09:57:98: [0mGET /img/favicon.png [32m200 [0m0.965 ms - 1373[0m
2019-08-30 10:00:76: [0mGET / [36m304 [0m4.525 ms - -[0m
2019-08-30 10:00:92: [0mGET /css/font-awesome.min.css [36m304 [0m2.576 ms - -[0m
2019-08-30 10:00:99: [0mGET /css/bootstrap.min.css [36m304 [0m0.614 ms - -[0m
2019-08-30 10:00:03: [0mGET /css/owl.carousel.css [36m304 [0m0.671 ms - -[0m
2019-08-30 10:00:03: [0mGET /css/animate.css [36m304 [0m0.833 ms - -[0m
2019-08-30 10:00:03: [0mGET /css/component.css [36m304 [0m0.479 ms - -[0m
2019-08-30 10:00:04: [0mGET /css/slit-slider.css [36m304 [0m0.674 ms - -[0m
2019-08-30 10:00:05: [0mGET /css/media-queries.css [36m304 [0m0.560 ms - -[0m
2019-08-30 10:00:05: [0mGET /css/main.css [36m304 [0m0.546 ms - -[0m
2019-08-30 10:00:08: [0mGET /js/modernizr-2.6.2.min.js [36m304 [0m0.436 ms - -[0m
2019-08-30 10:00:15: [0mGET /img/preloader.gif [36m304 [0m0.582 ms - -[0m
2019-08-30 10:00:15: [0mGET /img/meghna.png [36m304 [0m0.599 ms - -[0m
2019-08-30 10:00:25: [0mGET /js/jquery-1.11.0.min.js [36m304 [0m0.495 ms - -[0m
2019-08-30 10:00:25: [0mGET /js/bootstrap.min.js [36m304 [0m0.531 ms - -[0m
2019-08-30 10:00:26: [0mGET /js/owl.carousel.min.js [36m304 [0m0.635 ms - -[0m
2019-08-30 10:00:27: [0mGET /js/jquery.slitslider.js [36m304 [0m0.787 ms - -[0m
2019-08-30 10:00:27: [0mGET /js/jquery.ba-cond.min.js [36m304 [0m0.708 ms - -[0m
2019-08-30 10:00:27: [0mGET /js/jquery.parallax-1.1.3.js [36m304 [0m0.486 ms - -[0m
2019-08-30 10:00:33: [0mGET /js/jquery.mixitup.min.js [36m304 [0m0.559 ms - -[0m
2019-08-30 10:00:33: [0mGET /js/jquery.nicescroll.min.js [36m304 [0m0.323 ms - -[0m
2019-08-30 10:00:35: [0mGET /fonts/fontawesome-webfont.woff?v=4.1.0 [36m304 [0m0.533 ms - -[0m
2019-08-30 10:00:38: [0mGET /js/jquery.easing-1.3.pack.js [36m304 [0m0.815 ms - -[0m
2019-08-30 10:00:38: [0mGET /js/jquery.appear.js [36m304 [0m0.780 ms - -[0m
2019-08-30 10:00:38: [0mGET /js/easyPieChart.js [36m304 [0m0.453 ms - -[0m
2019-08-30 10:00:38: [0mGET /js/tweetie.min.js [36m304 [0m0.273 ms - -[0m
2019-08-30 10:00:39: [0mGET /js/jquery.nav.js [36m304 [0m0.307 ms - -[0m
2019-08-30 10:00:41: [0mGET /js/jquery.sticky.js [36m304 [0m0.880 ms - -[0m
2019-08-30 10:00:42: [0mGET /img/logo-meghna.png [36m304 [0m1.051 ms - -[0m
2019-08-30 10:00:42: [0mGET /img/slides/3.jpg [36m304 [0m0.665 ms - -[0m
2019-08-30 10:00:43: [0mGET /img/slides/2.jpg [36m304 [0m0.378 ms - -[0m
2019-08-30 10:00:43: [0mGET /img/slides/1.jpg [32m206 [0m3.103 ms - 1[0m
2019-08-30 10:00:44: [0mGET /js/jquery.countTo.js [36m304 [0m0.441 ms - -[0m
2019-08-30 10:00:48: [0mGET /js/wow.min.js [36m304 [0m0.432 ms - -[0m
2019-08-30 10:00:49: [0mGET /js/jquery.fitvids.js [36m304 [0m0.298 ms - -[0m
2019-08-30 10:00:50: [0mGET /img/slides/1.jpg [32m206 [0m0.848 ms - 119018[0m
2019-08-30 10:00:52: [0mGET /img/portfolio/portx1.jpg [36m304 [0m0.700 ms - -[0m
2019-08-30 10:00:52: [0mGET /js/grid.js [36m304 [0m0.885 ms - -[0m
2019-08-30 10:00:52: [0mGET /js/custom.js [36m304 [0m0.508 ms - -[0m
2019-08-30 10:00:54: [0mGET /img/team/member-1.jpg [36m304 [0m0.465 ms - -[0m
2019-08-30 10:00:54: [0mGET /img/team/client.jpg [36m304 [0m0.291 ms - -[0m
2019-08-30 10:00:62: [0mGET /img/blog/bicycle.jpg [36m304 [0m0.527 ms - -[0m
2019-08-30 10:00:62: [0mGET /img/blog/amazing-caves-coverimage.jpg [36m304 [0m0.615 ms - -[0m
2019-08-30 10:00:62: [0mGET /img/blog/3D-beach-art.jpg [36m304 [0m0.291 ms - -[0m
2019-08-30 10:00:63: [0mGET /img/parallax/city.jpg [36m304 [0m0.395 ms - -[0m
2019-08-30 10:00:67: [0mGET /img/parallax/skills.jpg [36m304 [0m0.459 ms - -[0m
2019-08-30 10:00:69: [0mGET /img/parallax/twitter.jpg [32m206 [0m16.539 ms - 1[0m
2019-08-30 10:00:70: [0mGET /img/parallax/bicycle.jpg [32m206 [0m0.938 ms - 1[0m
2019-08-30 10:00:08: [0mGET /api/tweet.php?username=&list=&hashtag=&count=1&exclude_replies=false [36m304 [0m0.606 ms - -[0m
2019-08-30 10:00:79: [0mGET /img/parallax/twitter.jpg [32m206 [0m1.055 ms - 210016[0m
2019-08-30 10:01:54: [0mGET /img/parallax/bicycle.jpg [32m206 [0m0.822 ms - 983940[0m
2019-08-30 10:01:25: [0mGET /img/favicon.png [36m304 [0m0.705 ms - -[0m
2019-08-30 10:02:90: [0mGET /img/favicon.png [36m304 [0m4.999 ms - -[0m
2019-08-30 10:10:16: [0mGET / [32m200 [0m6.849 ms - 39767[0m
2019-08-30 10:10:33: [0mGET /css/bootstrap.min.css [32m200 [0m1.934 ms - 113498[0m
2019-08-30 10:10:35: [0mGET /css/bootstrap-theme.min.css [32m200 [0m0.843 ms - 19835[0m
2019-08-30 10:10:36: [0mGET /css/light-box.css [32m200 [0m2.035 ms - 4118[0m
2019-08-30 10:10:36: [0mGET /css/owl-carousel.css [32m200 [0m2.443 ms - 4597[0m
2019-08-30 10:10:36: [0mGET /css/templatemo-style.css [32m200 [0m2.460 ms - 19836[0m
2019-08-30 10:10:36: [0mGET /css/fontAwesome.css [32m200 [0m1.714 ms - 39749[0m
2019-08-30 10:10:83: [0mGET /js/vendor/modernizr-2.8.3-respond-1.4.2.min.js [32m200 [0m0.634 ms - 20106[0m
2019-08-30 10:10:04: [0mGET /img/featured_1.jpg [32m200 [0m0.599 ms - 38537[0m
2019-08-30 10:10:46: [0mGET /img/featured_2.jpg [32m200 [0m0.657 ms - 31819[0m
2019-08-30 10:10:01: [0mGET /img/featured_3.jpg [32m200 [0m0.639 ms - 32292[0m
2019-08-30 10:10:55: [0mGET /js/vendor/bootstrap.min.js [32m200 [0m9.532 ms - 35601[0m
2019-08-30 10:10:64: [0mGET /img/portfolio_2.jpg [32m200 [0m0.541 ms - 24755[0m
2019-08-30 10:10:73: [0mGET /css/fontAwesome.css [32m200 [0m0.594 ms - 39749[0m
2019-08-30 10:10:73: [0mGET /css/templatemo-style.css [32m200 [0m2.848 ms - 19836[0m
2019-08-30 10:10:05: [0mGET /img/portfolio_1.jpg [32m200 [0m1.062 ms - 112043[0m
2019-08-30 10:10:17: [0mGET /js/main.js [32m200 [0m0.679 ms - 3530[0m
2019-08-30 10:10:67: [0mGET /img/portfolio_5.jpg [32m200 [0m2.987 ms - 26852[0m
2019-08-30 10:10:67: [0mGET /img/portfolio_4.jpg [32m200 [0m4.533 ms - 25012[0m
2019-08-30 10:10:67: [0mGET /img/portfolio_3.jpg [32m200 [0m6.116 ms - 20901[0m
2019-08-30 10:10:67: [0mGET /img/portfolio_2.jpg [32m200 [0m5.236 ms - 24755[0m
2019-08-30 10:10:26: [0mGET /img/portfolio_1.jpg [32m200 [0m0.643 ms - 112043[0m
2019-08-30 10:10:77: [0mGET /js/plugins.js [32m200 [0m0.573 ms - 196641[0m
2019-08-30 10:10:47: [0mGET /fonts/fontawesome-webfont.woff2?v=4.7.0 [32m200 [0m0.692 ms - 77160[0m
2019-08-30 10:10:53: [0mGET /img/blog_1.jpg [32m200 [0m0.638 ms - 13598[0m
2019-08-30 10:10:78: [0mGET /img/blog_3.jpg [32m200 [0m0.628 ms - 24362[0m
2019-08-30 10:10:02: [0mGET /img/blog_2.jpg [32m200 [0m0.604 ms - 22536[0m
2019-08-30 10:10:09: [0mGET /img/close.png [32m200 [0m0.610 ms - 280[0m
2019-08-30 10:10:11: [0mGET /img/loading.gif [32m200 [0m0.568 ms - 8476[0m
2019-08-30 10:10:31: [0mGET /img/prev.png [32m200 [0m0.629 ms - 1360[0m
2019-08-30 10:10:41: [0mGET /img/next.png [32m200 [0m0.716 ms - 1350[0m
2019-08-30 10:10:78: [0mGET /img/slide_3.jpg [32m200 [0m0.669 ms - 223162[0m
2019-08-30 10:10:58: [0mGET /img/slide_2.jpg [32m200 [0m0.519 ms - 257548[0m
2019-08-30 10:10:24: [0mGET /favicon.ico [33m404 [0m279.845 ms - 932[0m
2019-08-30 10:12:37: [0mGET / [32m200 [0m5.987 ms - 39767[0m
2019-08-30 10:12:67: [0mGET /css/bootstrap-theme.min.css [32m200 [0m5.478 ms - 19835[0m
2019-08-30 10:12:78: [0mGET /css/light-box.css [32m200 [0m4.591 ms - 4118[0m
2019-08-30 10:12:78: [0mGET /css/templatemo-style.css [32m200 [0m3.134 ms - 19836[0m
2019-08-30 10:12:78: [0mGET /css/fontAwesome.css [32m200 [0m7.194 ms - 39749[0m
2019-08-30 10:12:78: [0mGET /css/owl-carousel.css [32m200 [0m4.595 ms - 4597[0m
2019-08-30 10:12:81: [0mGET /js/vendor/modernizr-2.8.3-respond-1.4.2.min.js [32m200 [0m0.753 ms - 20106[0m
2019-08-30 10:12:95: [0mGET /img/featured_2.jpg [32m200 [0m0.620 ms - 31819[0m
2019-08-30 10:12:88: [0mGET /img/featured_1.jpg [32m200 [0m4.467 ms - 38537[0m
2019-08-30 10:12:92: [0mGET /js/vendor/bootstrap.min.js [32m200 [0m0.633 ms - 35601[0m
2019-08-30 10:12:38: [0mGET /css/bootstrap.min.css [32m200 [0m7.181 ms - 113498[0m
2019-08-30 10:12:71: [0mGET /js/main.js [32m200 [0m0.329 ms - 3530[0m
2019-08-30 10:12:23: [0mGET /img/featured_3.jpg [32m200 [0m0.682 ms - 32292[0m
2019-08-30 10:12:45: [0mGET /js/plugins.js [32m200 [0m0.544 ms - 196641[0m
2019-08-30 10:12:50: [0mGET /img/portfolio_4.jpg [32m200 [0m1.197 ms - 25012[0m
2019-08-30 10:12:70: [0mGET /img/portfolio_3.jpg [32m200 [0m0.573 ms - 20901[0m
2019-08-30 10:12:70: [0mGET /img/portfolio_2.jpg [32m200 [0m0.744 ms - 24755[0m
2019-08-30 10:12:08: [0mGET /img/portfolio_1.jpg [32m200 [0m0.626 ms - 112043[0m
2019-08-30 10:12:01: [0mGET /img/slide_1.jpg [32m200 [0m0.600 ms - 186874[0m
2019-08-30 10:12:05: [0mGET /img/portfolio_5.jpg [32m200 [0m0.617 ms - 26852[0m
2019-08-30 10:12:89: [0mGET /img/blog_1.jpg [32m200 [0m0.622 ms - 13598[0m
2019-08-30 10:12:64: [0mGET /img/blog_2.jpg [32m200 [0m0.643 ms - 22536[0m
2019-08-30 10:12:41: [0mGET /img/blog_3.jpg [32m200 [0m0.606 ms - 24362[0m
2019-08-30 10:12:40: [0mGET /img/close.png [32m200 [0m0.733 ms - 280[0m
2019-08-30 10:12:63: [0mGET /img/prev.png [32m200 [0m0.587 ms - 1360[0m
2019-08-30 10:12:68: [0mGET /img/next.png [32m200 [0m0.610 ms - 1350[0m
2019-08-30 10:12:95: [0mGET /fonts/fontawesome-webfont.woff2?v=4.7.0 [32m200 [0m0.667 ms - 77160[0m
2019-08-30 10:12:49: [0mGET /img/loading.gif [32m200 [0m0.634 ms - 8476[0m
2019-08-30 10:12:99: [0mGET /img/slide_2.jpg [32m200 [0m0.627 ms - 257548[0m
2019-08-30 10:12:18: [0mGET /img/slide_3.jpg [32m200 [0m0.619 ms - 223162[0m
2019-08-30 10:12:26: [0mGET /favicon.ico [33m404 [0m260.126 ms - 932[0m
2019-08-30 10:17:49: [0mGET / [36m304 [0m4.501 ms - -[0m
2019-08-30 10:17:66: [0mGET /css/bootstrap.min.css [36m304 [0m5.394 ms - -[0m
2019-08-30 10:17:68: [0mGET /css/light-box.css [36m304 [0m1.227 ms - -[0m
2019-08-30 10:17:68: [0mGET /css/fontAwesome.css [36m304 [0m0.571 ms - -[0m
2019-08-30 10:17:68: [0mGET /css/bootstrap-theme.min.css [36m304 [0m3.318 ms - -[0m
2019-08-30 10:17:68: [0mGET /css/owl-carousel.css [36m304 [0m2.731 ms - -[0m
2019-08-30 10:17:68: [0mGET /js/vendor/modernizr-2.8.3-respond-1.4.2.min.js [36m304 [0m0.519 ms - -[0m
2019-08-30 10:17:68: [0mGET /css/templatemo-style.css [36m304 [0m2.561 ms - -[0m
2019-08-30 10:17:69: [0mGET /img/featured_1.jpg [36m304 [0m0.321 ms - -[0m
2019-08-30 10:17:75: [0mGET /img/featured_2.jpg [36m304 [0m0.536 ms - -[0m
2019-08-30 10:17:76: [0mGET /img/portfolio_3.jpg [36m304 [0m0.452 ms - -[0m
2019-08-30 10:17:76: [0mGET /img/featured_3.jpg [36m304 [0m3.304 ms - -[0m
2019-08-30 10:17:76: [0mGET /img/portfolio_1.jpg [36m304 [0m7.112 ms - -[0m
2019-08-30 10:17:77: [0mGET /img/portfolio_2.jpg [36m304 [0m0.646 ms - -[0m
2019-08-30 10:17:77: [0mGET /img/portfolio_4.jpg [36m304 [0m8.059 ms - -[0m
2019-08-30 10:17:77: [0mGET /img/blog_1.jpg [36m304 [0m0.388 ms - -[0m
2019-08-30 10:17:77: [0mGET /img/portfolio_5.jpg [36m304 [0m2.457 ms - -[0m
2019-08-30 10:17:77: [0mGET /img/blog_2.jpg [36m304 [0m0.529 ms - -[0m
2019-08-30 10:17:78: [0mGET /img/blog_3.jpg [36m304 [0m0.987 ms - -[0m
2019-08-30 10:17:78: [0mGET /js/vendor/bootstrap.min.js [36m304 [0m0.927 ms - -[0m
2019-08-30 10:17:79: [0mGET /js/plugins.js [36m304 [0m0.488 ms - -[0m
2019-08-30 10:17:79: [0mGET /js/main.js [36m304 [0m2.752 ms - -[0m
2019-08-30 10:17:49: [0mGET /img/loading.gif [36m304 [0m0.604 ms - -[0m
2019-08-30 10:17:50: [0mGET /img/next.png [36m304 [0m0.750 ms - -[0m
2019-08-30 10:17:50: [0mGET /img/prev.png [36m304 [0m1.739 ms - -[0m
2019-08-30 10:17:50: [0mGET /img/close.png [36m304 [0m1.674 ms - -[0m
2019-08-30 10:17:50: [0mGET /img/slide_2.jpg [36m304 [0m1.754 ms - -[0m
2019-08-30 10:17:51: [0mGET /img/slide_1.jpg [32m200 [0m4.799 ms - 186874[0m
2019-08-30 10:17:51: [0mGET /img/slide_3.jpg [36m304 [0m0.690 ms - -[0m
2019-08-30 10:17:59: [0mGET /fonts/fontawesome-webfont.woff2?v=4.7.0 [36m304 [0m0.557 ms - -[0m
2019-08-30 10:17:57: [0mGET /favicon.ico [33m404 [0m240.224 ms - 932[0m
2019-08-30 13:11:97: [0mGET / [32m200 [0m5.998 ms - 39767[0m
2019-08-30 13:11:96: [0mGET /img/featured_2.jpg [32m200 [0m1.049 ms - 31819[0m
2019-08-30 13:11:96: [0mGET /img/featured_3.jpg [32m200 [0m1.919 ms - 32292[0m
2019-08-30 13:11:97: [0mGET /img/blog_1.jpg [32m200 [0m2.606 ms - 13598[0m
2019-08-30 13:11:97: [0mGET / [32m200 [0m2.818 ms - 39767[0m
2019-08-30 13:11:97: [0mGET /img/featured_1.jpg [32m200 [0m2.189 ms - 38537[0m
2019-08-30 13:11:98: [0mGET /img/blog_3.jpg [32m200 [0m20.926 ms - 24362[0m
2019-08-30 13:11:98: [0mGET /img/blog_2.jpg [32m200 [0m9.349 ms - 22536[0m
2019-08-30 13:12:80: [0mGET /img/portfolio_1.jpg [32m200 [0m0.485 ms - 112043[0m
2019-08-30 13:15:69: [0mGET / [32m200 [0m5.465 ms - 39767[0m
2019-08-30 13:15:76: [0mGET /css/bootstrap.min.css [32m200 [0m1.930 ms - 113498[0m
2019-08-30 13:15:80: [0mGET /css/bootstrap-theme.min.css [32m200 [0m2.844 ms - 19835[0m
2019-08-30 13:15:81: [0mGET /css/fontAwesome.css [32m200 [0m3.543 ms - 39749[0m
2019-08-30 13:15:81: [0mGET /css/owl-carousel.css [32m200 [0m2.689 ms - 4597[0m
2019-08-30 13:15:81: [0mGET /css/light-box.css [32m200 [0m2.502 ms - 4118[0m
2019-08-30 13:15:81: [0mGET /css/templatemo-style.css [32m200 [0m2.123 ms - 19836[0m
2019-08-30 13:15:44: [0mGET /js/vendor/modernizr-2.8.3-respond-1.4.2.min.js [32m200 [0m0.857 ms - 20106[0m
2019-08-30 13:15:64: [0mGET /img/featured_1.jpg [32m200 [0m0.652 ms - 38537[0m
2019-08-30 13:15:26: [0mGET /img/featured_2.jpg [32m200 [0m0.766 ms - 31819[0m
2019-08-30 13:15:15: [0mGET /img/featured_3.jpg [32m200 [0m2.293 ms - 32292[0m
2019-08-30 13:15:15: [0mGET /js/vendor/bootstrap.min.js [32m200 [0m2.619 ms - 35601[0m
2019-08-30 13:15:15: [0mGET /js/main.js [32m200 [0m2.301 ms - 3530[0m
2019-08-30 13:15:39: [0mGET /fonts/fontawesome-webfont.woff2?v=4.7.0 [32m200 [0m0.720 ms - 77160[0m
2019-08-30 13:15:31: [0mGET /js/plugins.js [32m200 [0m2.101 ms - 196641[0m
2019-08-30 13:15:33: [0mGET /img/slide_1.jpg [32m200 [0m0.663 ms - 186874[0m
2019-08-30 13:15:77: [0mGET /fonts/fontawesome-webfont.woff?v=4.7.0 [32m200 [0m0.707 ms - 98024[0m
2019-08-30 13:15:36: [0mGET / [36m304 [0m1.193 ms - -[0m
2019-08-30 13:15:40: [0mGET /css/bootstrap.min.css [36m304 [0m0.572 ms - -[0m
2019-08-30 13:15:43: [0mGET /css/bootstrap-theme.min.css [36m304 [0m0.625 ms - -[0m
2019-08-30 13:15:45: [0mGET /css/fontAwesome.css [36m304 [0m3.158 ms - -[0m
2019-08-30 13:15:45: [0mGET /css/light-box.css [36m304 [0m0.886 ms - -[0m
2019-08-30 13:15:45: [0mGET /css/owl-carousel.css [36m304 [0m0.709 ms - -[0m
2019-08-30 13:15:45: [0mGET /css/templatemo-style.css [36m304 [0m0.715 ms - -[0m
2019-08-30 13:15:45: [0mGET /js/vendor/modernizr-2.8.3-respond-1.4.2.min.js [36m304 [0m0.457 ms - -[0m
2019-08-30 13:15:48: [0mGET /img/featured_2.jpg [32m200 [0m0.710 ms - 31819[0m
2019-08-30 13:15:66: [0mGET /img/featured_1.jpg [36m304 [0m0.377 ms - -[0m
2019-08-30 13:15:69: [0mGET /js/vendor/bootstrap.min.js [32m200 [0m0.641 ms - 35601[0m
2019-08-30 13:15:73: [0mGET /img/featured_3.jpg [32m200 [0m1.931 ms - 32292[0m
2019-08-30 13:15:73: [0mGET /js/main.js [36m304 [0m0.935 ms - -[0m
2019-08-30 13:15:73: [0mGET /js/plugins.js [32m206 [0m3.435 ms - 1[0m
2019-08-30 13:15:95: [0mGET /fonts/fontawesome-webfont.woff2?v=4.7.0 [32m200 [0m0.618 ms - 77160[0m
2019-08-30 13:15:16: [0mGET /img/slide_1.jpg [32m200 [0m0.691 ms - 186874[0m
2019-08-30 13:15:18: [0mGET /js/plugins.js [32m206 [0m0.638 ms - 180590[0m
2019-08-30 13:15:43: [0mGET /img/portfolio_2.jpg [32m200 [0m0.769 ms - 24755[0m
2019-08-30 13:15:41: [0mGET /img/portfolio_3.jpg [32m200 [0m1.008 ms - 20901[0m
2019-08-30 13:15:04: [0mGET /img/portfolio_4.jpg [32m200 [0m0.813 ms - 25012[0m
2019-08-30 13:15:63: [0mGET /img/portfolio_5.jpg [32m200 [0m5.976 ms - 26852[0m
2019-08-30 13:15:92: [0mGET /img/blog_1.jpg [32m200 [0m0.885 ms - 13598[0m
2019-08-30 13:15:07: [0mGET /img/blog_2.jpg [32m200 [0m0.957 ms - 22536[0m
2019-08-30 13:16:28: [0mGET /img/portfolio_1.jpg [32m200 [0m0.781 ms - 112043[0m
2019-09-02 16:18:51: [0mGET /favicon.ico [33m404 [0m278.199 ms - 932[0m
2019-09-02 16:50:51: [0mGET /erm/help/how_to_getstarted.html [33m404 [0m275.183 ms - 932[0m
2019-09-02 16:50:54: [0mGET /eims3/assets/bundle/commons.js [33m404 [0m20.820 ms - 932[0m
2019-09-02 16:50:56: [0mGET /smb_scheduler/cdr.htm [33m404 [0m19.751 ms - 932[0m
2019-09-02 16:50:59: [0mGET /EIMSII/assets/bundle/commons.js [33m404 [0m30.444 ms - 932[0m
2019-09-02 16:50:61: [0mGET /etms/assets/bundle/commons.js [33m404 [0m51.103 ms - 932[0m
2019-09-02 16:50:62: [0mGET / [32m200 [0m75.170 ms - 39091[0m
2019-09-02 16:50:63: [0mGET /cn.gzjs [33m404 [0m13.734 ms - 932[0m
2019-09-02 16:50:65: [0mGET /goip/cron.htm [33m404 [0m29.006 ms - 932[0m
2019-09-02 16:50:65: [0mGET /index.html?findcli=-1 [32m200 [0m31.190 ms - 39091[0m
2019-09-02 16:56:69: [0mGET / [32m200 [0m5.855 ms - 39091[0m
2019-09-02 17:13:51: [0mGET / [32m200 [0m6.441 ms - 39091[0m
2019-09-02 17:13:59: [0mGET /css/bootstrap-theme.min.css [32m200 [0m6.358 ms - 19835[0m
2019-09-02 17:13:59: [0mGET /css/light-box.css [32m200 [0m5.973 ms - 3903[0m
2019-09-02 17:13:59: [0mGET /css/owl-carousel.css [32m200 [0m6.090 ms - 4417[0m
2019-09-02 17:13:59: [0mGET /css/fontAwesome.css [32m200 [0m6.148 ms - 37413[0m
2019-09-02 17:13:60: [0mGET /css/templatemo-style.css [32m200 [0m0.448 ms - 18769[0m
2019-09-02 17:13:61: [0mGET /js/vendor/modernizr-2.8.3-respond-1.4.2.min.js [32m200 [0m1.038 ms - 20106[0m
2019-09-02 17:13:61: [0mGET /js/vendor/bootstrap.min.js [32m200 [0m1.269 ms - 35601[0m
2019-09-02 17:13:61: [0mGET /js/main.js [32m200 [0m0.358 ms - 3530[0m
2019-09-02 17:13:93: [0mGET /img/featured_1.jpg [32m200 [0m0.652 ms - 38537[0m
2019-09-02 17:13:93: [0mGET /img/featured_2.jpg [32m200 [0m0.789 ms - 31819[0m
2019-09-02 17:13:04: [0mGET /img/featured_3.jpg [32m200 [0m0.556 ms - 32292[0m
2019-09-02 17:13:33: [0mGET /js/plugins.js [32m200 [0m0.512 ms - 189893[0m
2019-09-02 17:13:46: [0mGET /img/portfolio_2.jpg [32m200 [0m0.552 ms - 24755[0m
2019-09-02 17:13:75: [0mGET /img/portfolio_3.jpg [32m200 [0m0.551 ms - 20901[0m
2019-09-02 17:13:96: [0mGET /img/portfolio_4.jpg [32m200 [0m0.555 ms - 25012[0m
2019-09-02 17:13:48: [0mGET /img/portfolio_5.jpg [32m200 [0m0.567 ms - 26852[0m
2019-09-02 17:13:88: [0mGET /img/blog_1.jpg [32m200 [0m0.568 ms - 13598[0m
2019-09-02 17:13:09: [0mGET /img/blog_2.jpg [32m200 [0m0.574 ms - 22536[0m
2019-09-02 17:13:29: [0mGET /img/portfolio_1.jpg [32m200 [0m0.543 ms - 112043[0m
2019-09-02 17:13:38: [0mGET /img/blog_3.jpg [32m200 [0m0.542 ms - 24362[0m
2019-09-02 17:13:00: [0mGET /css/bootstrap.min.css [32m200 [0m6.011 ms - 113498[0m
2019-09-02 17:13:93: [0mGET /img/prev.png [32m200 [0m0.550 ms - 1360[0m
2019-09-02 17:13:95: [0mGET /img/next.png [32m200 [0m0.860 ms - 1350[0m
2019-09-02 17:13:95: [0mGET /img/loading.gif [32m200 [0m1.064 ms - 8476[0m
2019-09-02 17:13:96: [0mGET /img/close.png [32m200 [0m0.366 ms - 280[0m
2019-09-02 17:13:90: [0mGET /img/slide_1.jpg [32m200 [0m1.421 ms - 186874[0m
2019-09-02 17:13:92: [0mGET /fonts/fontawesome-webfont.eot? [32m200 [0m1.547 ms - 165742[0m
2019-09-02 17:13:11: [0mGET /img/slide_3.jpg [32m200 [0m1.856 ms - 223162[0m
2019-09-02 17:13:94: [0mGET /img/slide_2.jpg [32m200 [0m1.748 ms - 257548[0m
2019-09-02 17:14:39: [0mGET /favicon.ico [33m404 [0m265.998 ms - 932[0m
2019-09-02 17:15:26: [0mGET /favicon.ico [33m404 [0m268.608 ms - 932[0m
2019-09-02 17:15:03: [0mGET / [32m200 [0m3.292 ms - 39091[0m
2019-09-02 17:15:14: [0mGET /css/bootstrap-theme.min.css [32m200 [0m1.769 ms - 19835[0m
2019-09-02 17:15:15: [0mGET /css/bootstrap.min.css [32m200 [0m1.834 ms - 113498[0m
2019-09-02 17:15:18: [0mGET /css/fontAwesome.css [32m200 [0m2.168 ms - 37413[0m
2019-09-02 17:15:18: [0mGET /css/owl-carousel.css [32m200 [0m2.617 ms - 4417[0m
2019-09-02 17:15:18: [0mGET /css/templatemo-style.css [32m200 [0m2.764 ms - 18769[0m
2019-09-02 17:15:18: [0mGET /css/light-box.css [32m200 [0m2.431 ms - 3903[0m
2019-09-02 17:15:45: [0mGET /js/vendor/modernizr-2.8.3-respond-1.4.2.min.js [32m200 [0m0.691 ms - 20106[0m
2019-09-02 17:15:99: [0mGET /img/featured_1.jpg [32m200 [0m0.609 ms - 38537[0m
2019-09-02 17:15:48: [0mGET /img/featured_2.jpg [32m200 [0m1.100 ms - 31819[0m
2019-09-02 17:15:85: [0mGET /js/vendor/bootstrap.min.js [32m200 [0m1.103 ms - 35601[0m
2019-09-02 17:15:22: [0mGET /js/plugins.js [32m200 [0m0.906 ms - 189893[0m
2019-09-02 17:15:40: [0mGET /js/main.js [32m200 [0m0.813 ms - 3530[0m
2019-09-02 17:15:10: [0mGET /img/featured_3.jpg [32m200 [0m0.654 ms - 32292[0m
2019-09-02 17:15:64: [0mGET /img/portfolio_1.jpg [32m200 [0m5.994 ms - 112043[0m
2019-09-02 17:15:67: [0mGET /img/portfolio_2.jpg [32m200 [0m2.290 ms - 24755[0m
2019-09-02 17:15:67: [0mGET /img/portfolio_3.jpg [32m200 [0m3.723 ms - 20901[0m
2019-09-02 17:15:67: [0mGET /img/portfolio_4.jpg [32m200 [0m3.730 ms - 25012[0m
2019-09-02 17:15:67: [0mGET /img/portfolio_5.jpg [32m200 [0m3.217 ms - 26852[0m
2019-09-02 17:15:88: [0mGET /fonts/fontawesome-webfont.woff2?v=4.7.0 [32m200 [0m0.826 ms - 77160[0m
2019-09-02 17:15:02: [0mGET /img/blog_1.jpg [32m200 [0m0.689 ms - 13598[0m
2019-09-02 17:15:25: [0mGET /img/blog_2.jpg [32m200 [0m0.626 ms - 22536[0m
2019-09-02 17:15:75: [0mGET /img/slide_1.jpg [32m200 [0m0.949 ms - 186874[0m
2019-09-02 17:15:58: [0mGET /img/blog_3.jpg [32m200 [0m0.494 ms - 24362[0m
2019-09-02 17:15:41: [0mGET /img/close.png [32m200 [0m0.596 ms - 280[0m
2019-09-02 17:15:43: [0mGET /img/loading.gif [32m200 [0m0.675 ms - 8476[0m
2019-09-02 17:15:12: [0mGET /img/prev.png [32m200 [0m0.643 ms - 1360[0m
2019-09-02 17:15:14: [0mGET /img/next.png [32m200 [0m0.545 ms - 1350[0m
2019-09-02 17:15:62: [0mGET /img/slide_3.jpg [32m200 [0m1.381 ms - 223162[0m
2019-09-02 17:15:53: [0mGET /favicon.ico [33m404 [0m264.457 ms - 932[0m
2019-09-02 17:16:28: [0mGET /favicon.ico [33m404 [0m285.330 ms - 932[0m
2019-09-02 17:16:31: [0mGET /favicon.ico [33m404 [0m18.909 ms - 932[0m
2019-09-02 17:16:38: [0mGET /favicon.ico [33m404 [0m18.779 ms - 932[0m
2019-09-02 17:17:13: [0mGET /favicon.ico [33m404 [0m293.413 ms - 932[0m
2019-09-02 17:17:26: [0mGET /favicon.ico [33m404 [0m20.607 ms - 932[0m
2019-09-02 17:17:36: [0mGET /favicon.ico [33m404 [0m20.930 ms - 932[0m
2019-09-02 17:17:69: [0mGET / [36m304 [0m2.118 ms - -[0m
2019-09-02 17:17:98: [0mGET /css/bootstrap.min.css [36m304 [0m5.480 ms - -[0m
2019-09-02 17:17:00: [0mGET /css/bootstrap-theme.min.css [36m304 [0m0.861 ms - -[0m
2019-09-02 17:17:00: [0mGET /css/owl-carousel.css [36m304 [0m0.793 ms - -[0m
2019-09-02 17:17:00: [0mGET /css/light-box.css [36m304 [0m2.676 ms - -[0m
2019-09-02 17:17:00: [0mGET /css/templatemo-style.css [36m304 [0m2.045 ms - -[0m
2019-09-02 17:17:01: [0mGET /js/vendor/modernizr-2.8.3-respond-1.4.2.min.js [36m304 [0m2.539 ms - -[0m
2019-09-02 17:17:01: [0mGET /css/fontAwesome.css [36m304 [0m1.360 ms - -[0m
2019-09-02 17:17:07: [0mGET /img/featured_1.jpg [36m304 [0m0.498 ms - -[0m
2019-09-02 17:17:08: [0mGET /img/featured_2.jpg [36m304 [0m0.474 ms - -[0m
2019-09-02 17:17:16: [0mGET /js/vendor/bootstrap.min.js [36m304 [0m0.482 ms - -[0m
2019-09-02 17:17:19: [0mGET /js/main.js [36m304 [0m0.632 ms - -[0m
2019-09-02 17:17:20: [0mGET /js/plugins.js [36m304 [0m1.273 ms - -[0m
2019-09-02 17:17:20: [0mGET /img/featured_3.jpg [36m304 [0m1.894 ms - -[0m
2019-09-02 17:17:20: [0mGET /img/portfolio_3.jpg [36m304 [0m2.166 ms - -[0m
2019-09-02 17:17:20: [0mGET /img/portfolio_1.jpg [36m304 [0m1.874 ms - -[0m
2019-09-02 17:17:20: [0mGET /img/portfolio_2.jpg [36m304 [0m1.424 ms - -[0m
2019-09-02 17:17:27: [0mGET /fonts/fontawesome-webfont.woff2?v=4.7.0 [36m304 [0m0.503 ms - -[0m
2019-09-02 17:17:28: [0mGET /img/portfolio_5.jpg [36m304 [0m0.556 ms - -[0m
2019-09-02 17:17:28: [0mGET /img/blog_1.jpg [36m304 [0m0.619 ms - -[0m
2019-09-02 17:17:28: [0mGET /img/portfolio_4.jpg [36m304 [0m0.397 ms - -[0m
2019-09-02 17:17:28: [0mGET /img/blog_2.jpg [36m304 [0m0.508 ms - -[0m
2019-09-02 17:17:28: [0mGET /img/blog_3.jpg [36m304 [0m0.370 ms - -[0m
2019-09-02 17:17:29: [0mGET /img/close.png [36m304 [0m0.321 ms - -[0m
2019-09-02 17:17:30: [0mGET /img/prev.png [36m304 [0m1.318 ms - -[0m
2019-09-02 17:17:30: [0mGET /img/loading.gif [36m304 [0m1.491 ms - -[0m
2019-09-02 17:17:37: [0mGET /img/slide_3.jpg [36m304 [0m1.965 ms - -[0m
2019-09-02 17:17:37: [0mGET /img/slide_1.jpg [36m304 [0m2.898 ms - -[0m
2019-09-02 17:17:37: [0mGET /img/next.png [36m304 [0m0.531 ms - -[0m
2019-09-02 17:17:37: [0mGET /img/slide_2.jpg [32m206 [0m5.972 ms - 1[0m
2019-09-02 17:17:40: [0mGET /img/slide_2.jpg [32m206 [0m0.882 ms - 170947[0m
2019-09-02 17:17:20: [0mGET / [32m200 [0m0.957 ms - 39091[0m
2019-09-02 17:18:79: [0mGET /js/vendor/modernizr-2.8.3-respond-1.4.2.min.js [32m200 [0m6.018 ms - 20106[0m
2019-09-02 17:18:93: [0mGET / [32m200 [0m1.232 ms - 39091[0m
2019-09-02 17:18:12: [0mGET /css/bootstrap.min.css [32m200 [0m6.964 ms - 113498[0m
2019-09-02 17:18:14: [0mGET /css/fontAwesome.css [32m200 [0m1.813 ms - 37413[0m
2019-09-02 17:18:15: [0mGET /css/light-box.css [32m200 [0m4.672 ms - 3903[0m
2019-09-02 17:18:15: [0mGET /css/templatemo-style.css [32m200 [0m4.951 ms - 18769[0m
2019-09-02 17:18:15: [0mGET /css/bootstrap-theme.min.css [32m200 [0m2.489 ms - 19835[0m
2019-09-02 17:18:15: [0mGET /css/owl-carousel.css [32m200 [0m5.627 ms - 4417[0m
2019-09-02 17:18:43: [0mGET /js/vendor/modernizr-2.8.3-respond-1.4.2.min.js [32m200 [0m0.840 ms - 20106[0m
2019-09-02 17:18:51: [0mGET /img/featured_1.jpg [32m200 [0m0.782 ms - 38537[0m
2019-09-02 17:18:86: [0mGET /img/featured_2.jpg [32m200 [0m0.602 ms - 31819[0m
2019-09-02 17:18:19: [0mGET /js/vendor/bootstrap.min.js [32m200 [0m0.704 ms - 35601[0m
2019-09-02 17:18:89: [0mGET /js/main.js [32m200 [0m0.648 ms - 3530[0m
2019-09-02 17:18:92: [0mGET /img/featured_3.jpg [32m200 [0m0.616 ms - 32292[0m
2019-09-02 17:18:94: [0mGET /img/portfolio_2.jpg [32m200 [0m2.921 ms - 24755[0m
2019-09-02 17:18:94: [0mGET /img/portfolio_3.jpg [32m200 [0m1.883 ms - 20901[0m
2019-09-02 17:18:94: [0mGET /img/portfolio_4.jpg [32m200 [0m2.810 ms - 25012[0m
2019-09-02 17:18:17: [0mGET /js/plugins.js [32m200 [0m0.639 ms - 189893[0m
2019-09-02 17:18:90: [0mGET /fonts/fontawesome-webfont.woff2?v=4.7.0 [32m200 [0m0.684 ms - 77160[0m
2019-09-02 17:18:64: [0mGET /img/portfolio_1.jpg [32m200 [0m3.219 ms - 112043[0m
2019-09-02 17:18:81: [0mGET /img/portfolio_5.jpg [32m200 [0m0.625 ms - 26852[0m
2019-09-02 17:18:91: [0mGET /img/blog_1.jpg [32m200 [0m0.503 ms - 13598[0m
2019-09-02 17:18:40: [0mGET /img/blog_2.jpg [32m200 [0m0.616 ms - 22536[0m
2019-09-02 17:18:60: [0mGET /img/blog_3.jpg [32m200 [0m0.601 ms - 24362[0m
2019-09-02 17:18:64: [0mGET /img/loading.gif [32m200 [0m0.529 ms - 8476[0m
2019-09-02 17:18:86: [0mGET /img/prev.png [32m200 [0m0.560 ms - 1360[0m
2019-09-02 17:18:93: [0mGET /img/next.png [32m200 [0m0.647 ms - 1350[0m
2019-09-02 17:18:12: [0mGET /img/close.png [32m200 [0m0.667 ms - 280[0m
2019-09-02 17:18:54: [0mGET /img/slide_3.jpg [32m200 [0m0.484 ms - 223162[0m
2019-09-02 17:18:21: [0mGET /img/slide_2.jpg [32m200 [0m0.433 ms - 257548[0m
2019-09-02 17:18:33: [0mGET /favicon.ico [33m404 [0m275.097 ms - 932[0m
2019-09-02 17:19:87: [0mGET / [32m200 [0m5.850 ms - 39091[0m
2019-09-02 17:19:98: [0mGET /js/vendor/bootstrap.min.js [32m200 [0m1.315 ms - 35601[0m
2019-09-02 17:20:88: [0mGET /js/vendor/modernizr-2.8.3-respond-1.4.2.min.js [32m200 [0m5.692 ms - 20106[0m
2019-09-02 17:20:43: [0mGET /js/plugins.js [32m200 [0m6.757 ms - 189893[0m
2019-09-02 17:21:60: [0mGET /js/vendor/bootstrap.min.js [32m200 [0m5.416 ms - 35601[0m
2019-09-02 17:21:78: [0mGET /favicon.ico [33m404 [0m286.564 ms - 932[0m
2019-09-02 17:21:82: [0mGET /favicon.ico [33m404 [0m20.236 ms - 932[0m
2019-09-02 17:21:88: [0mGET /favicon.ico [33m404 [0m18.852 ms - 932[0m
2019-09-02 17:21:55: [0mGET /favicon.ico [33m404 [0m31.325 ms - 932[0m
2019-09-02 17:21:61: [0mGET /favicon.ico [33m404 [0m10.893 ms - 932[0m
2019-09-02 17:21:10: [0mGET /favicon.ico [33m404 [0m10.993 ms - 932[0m
2019-09-02 17:21:97: [0mGET /js/main.js [32m200 [0m3.056 ms - 3530[0m
2019-09-02 17:21:36: [0mGET / [36m304 [0m4.154 ms - -[0m
2019-09-02 17:21:43: [0mGET /css/bootstrap.min.css [36m304 [0m1.088 ms - -[0m
2019-09-02 17:21:45: [0mGET /css/bootstrap-theme.min.css [36m304 [0m0.636 ms - -[0m
2019-09-02 17:21:52: [0mGET /css/owl-carousel.css [36m304 [0m4.894 ms - -[0m
2019-09-02 17:21:53: [0mGET /css/fontAwesome.css [36m304 [0m0.859 ms - -[0m
2019-09-02 17:21:53: [0mGET /css/light-box.css [36m304 [0m0.576 ms - -[0m
2019-09-02 17:21:54: [0mGET /css/templatemo-style.css [36m304 [0m0.517 ms - -[0m
2019-09-02 17:21:54: [0mGET /js/vendor/modernizr-2.8.3-respond-1.4.2.min.js [36m304 [0m0.899 ms - -[0m
2019-09-02 17:21:54: [0mGET /img/featured_1.jpg [36m304 [0m0.547 ms - -[0m
2019-09-02 17:21:55: [0mGET /img/featured_2.jpg [36m304 [0m0.605 ms - -[0m
2019-09-02 17:21:55: [0mGET /img/portfolio_1.jpg [36m304 [0m0.848 ms - -[0m
2019-09-02 17:21:55: [0mGET /img/featured_3.jpg [36m304 [0m0.570 ms - -[0m
2019-09-02 17:21:56: [0mGET /img/portfolio_2.jpg [36m304 [0m0.502 ms - -[0m
2019-09-02 17:21:56: [0mGET /img/portfolio_3.jpg [36m304 [0m0.825 ms - -[0m
2019-09-02 17:21:56: [0mGET /img/portfolio_4.jpg [36m304 [0m0.584 ms - -[0m
2019-09-02 17:21:64: [0mGET /img/portfolio_5.jpg [36m304 [0m0.732 ms - -[0m
2019-09-02 17:21:64: [0mGET /img/blog_2.jpg [36m304 [0m0.929 ms - -[0m
2019-09-02 17:21:64: [0mGET /img/blog_3.jpg [36m304 [0m0.780 ms - -[0m
2019-09-02 17:21:64: [0mGET /img/blog_1.jpg [36m304 [0m0.799 ms - -[0m
2019-09-02 17:21:64: [0mGET /js/plugins.js [36m304 [0m0.789 ms - -[0m
2019-09-02 17:21:64: [0mGET /js/vendor/bootstrap.min.js [36m304 [0m0.532 ms - -[0m
2019-09-02 17:21:66: [0mGET /js/main.js [36m304 [0m0.422 ms - -[0m
2019-09-02 17:21:95: [0mGET /img/prev.png [36m304 [0m0.609 ms - -[0m
2019-09-02 17:21:95: [0mGET /img/next.png [36m304 [0m0.788 ms - -[0m
2019-09-02 17:21:96: [0mGET /img/loading.gif [36m304 [0m0.719 ms - -[0m
2019-09-02 17:21:96: [0mGET /img/close.png [36m304 [0m0.672 ms - -[0m
2019-09-02 17:21:96: [0mGET /img/slide_2.jpg [36m304 [0m2.329 ms - -[0m
2019-09-02 17:21:97: [0mGET /img/slide_1.jpg [32m206 [0m8.087 ms - 1[0m
2019-09-02 17:21:97: [0mGET /img/slide_3.jpg [36m304 [0m0.343 ms - -[0m
2019-09-02 17:21:99: [0mGET /img/slide_1.jpg [32m206 [0m0.979 ms - 100402[0m
2019-09-02 17:21:06: [0mGET /fonts/fontawesome-webfont.woff2?v=4.7.0 [36m304 [0m0.501 ms - -[0m
2019-09-02 17:21:09: [0mGET /js/plugins.js [32m200 [0m0.710 ms - 189893[0m
2019-09-02 17:21:12: [0mGET / [36m304 [0m0.523 ms - -[0m
2019-09-02 17:21:20: [0mGET /css/owl-carousel.css [36m304 [0m0.692 ms - -[0m
2019-09-02 17:21:20: [0mGET /css/templatemo-style.css [36m304 [0m0.909 ms - -[0m
2019-09-02 17:21:20: [0mGET /css/light-box.css [36m304 [0m0.807 ms - -[0m
2019-09-02 17:21:20: [0mGET /css/bootstrap.min.css [36m304 [0m0.790 ms - -[0m
2019-09-02 17:21:21: [0mGET /css/bootstrap-theme.min.css [36m304 [0m0.804 ms - -[0m
2019-09-02 17:21:21: [0mGET /css/fontAwesome.css [36m304 [0m0.554 ms - -[0m
2019-09-02 17:21:23: [0mGET /img/featured_1.jpg [36m304 [0m0.786 ms - -[0m
2019-09-02 17:21:23: [0mGET /js/vendor/modernizr-2.8.3-respond-1.4.2.min.js [36m304 [0m0.977 ms - -[0m
2019-09-02 17:21:23: [0mGET /img/featured_2.jpg [36m304 [0m0.800 ms - -[0m
2019-09-02 17:21:23: [0mGET /img/featured_3.jpg [36m304 [0m0.773 ms - -[0m
2019-09-02 17:21:24: [0mGET /img/portfolio_1.jpg [36m304 [0m0.795 ms - -[0m
2019-09-02 17:21:25: [0mGET /img/portfolio_2.jpg [36m304 [0m12.933 ms - -[0m
2019-09-02 17:21:31: [0mGET /img/portfolio_3.jpg [36m304 [0m0.939 ms - -[0m
2019-09-02 17:21:32: [0mGET /img/portfolio_4.jpg [36m304 [0m0.863 ms - -[0m
2019-09-02 17:21:32: [0mGET /img/portfolio_5.jpg [36m304 [0m0.753 ms - -[0m
2019-09-02 17:21:32: [0mGET /img/blog_1.jpg [36m304 [0m0.740 ms - -[0m
2019-09-02 17:21:32: [0mGET /img/blog_2.jpg [36m304 [0m0.746 ms - -[0m
2019-09-02 17:21:32: [0mGET /img/blog_3.jpg [36m304 [0m0.516 ms - -[0m
2019-09-02 17:21:33: [0mGET /js/vendor/bootstrap.min.js [36m304 [0m0.675 ms - -[0m
2019-09-02 17:21:33: [0mGET /js/plugins.js [36m304 [0m0.923 ms - -[0m
2019-09-02 17:21:34: [0mGET /js/main.js [36m304 [0m0.552 ms - -[0m
2019-09-02 17:21:50: [0mGET /img/loading.gif [36m304 [0m1.182 ms - -[0m
2019-09-02 17:21:50: [0mGET /img/close.png [36m304 [0m1.660 ms - -[0m
2019-09-02 17:21:50: [0mGET /img/prev.png [36m304 [0m0.825 ms - -[0m
2019-09-02 17:21:50: [0mGET /img/next.png [36m304 [0m0.821 ms - -[0m
2019-09-02 17:21:50: [0mGET /img/slide_1.jpg [36m304 [0m0.873 ms - -[0m
2019-09-02 17:21:50: [0mGET /img/slide_2.jpg [36m304 [0m0.594 ms - -[0m
2019-09-02 17:21:52: [0mGET /img/slide_3.jpg [36m304 [0m0.371 ms - -[0m
2019-09-02 17:21:60: [0mGET /fonts/fontawesome-webfont.woff2?v=4.7.0 [36m304 [0m0.552 ms - -[0m
2019-09-02 17:22:89: [0mGET /favicon.ico [33m404 [0m248.422 ms - 932[0m
2019-09-02 17:22:20: [0mGET /favicon.ico [33m404 [0m241.745 ms - 932[0m
2019-09-02 17:22:28: [0mGET /favicon.ico [33m404 [0m20.241 ms - 932[0m
2019-09-02 17:22:63: [0mGET /favicon.ico [33m404 [0m21.259 ms - 932[0m
2019-09-02 17:22:74: [0mGET /favicon.ico [33m404 [0m16.666 ms - 932[0m
2019-09-02 17:22:83: [0mGET /favicon.ico [33m404 [0m15.651 ms - 932[0m
2019-09-02 17:22:96: [0mGET /favicon.ico [33m404 [0m33.115 ms - 932[0m
2019-09-02 17:22:87: [0mGET /favicon.ico [33m404 [0m21.124 ms - 932[0m
2019-09-02 17:22:17: [0mGET /favicon.ico [33m404 [0m18.908 ms - 932[0m
2019-09-02 17:23:65: [0mGET /js/main.js [32m200 [0m5.850 ms - 3530[0m
2019-09-02 17:32:92: [0mGET / [32m200 [0m5.460 ms - 39091[0m
2019-09-02 17:33:20: [0mGET /favicon.ico [33m404 [0m238.326 ms - 932[0m
2019-09-02 17:33:25: [0mGET /favicon.ico [33m404 [0m13.859 ms - 932[0m
2019-09-02 17:33:28: [0mGET /favicon.ico [33m404 [0m10.115 ms - 932[0m
2019-09-02 17:33:92: [0mGET / [36m304 [0m2.055 ms - -[0m
2019-09-02 17:33:95: [0mGET /css/bootstrap.min.css [36m304 [0m0.636 ms - -[0m
2019-09-02 17:33:02: [0mGET /css/bootstrap-theme.min.css [36m304 [0m0.498 ms - -[0m
2019-09-02 17:33:03: [0mGET /css/fontAwesome.css [36m304 [0m0.406 ms - -[0m
2019-09-02 17:33:03: [0mGET /css/light-box.css [36m304 [0m0.290 ms - -[0m
2019-09-02 17:33:04: [0mGET /css/owl-carousel.css [36m304 [0m0.529 ms - -[0m
2019-09-02 17:33:04: [0mGET /css/templatemo-style.css [36m304 [0m0.606 ms - -[0m
2019-09-02 17:33:04: [0mGET /js/vendor/modernizr-2.8.3-respond-1.4.2.min.js [36m304 [0m0.544 ms - -[0m
2019-09-02 17:33:04: [0mGET /img/featured_1.jpg [36m304 [0m0.385 ms - -[0m
2019-09-02 17:33:04: [0mGET /img/featured_2.jpg [36m304 [0m0.319 ms - -[0m
2019-09-02 17:33:04: [0mGET /img/featured_3.jpg [36m304 [0m0.466 ms - -[0m
2019-09-02 17:33:05: [0mGET /img/portfolio_1.jpg [36m304 [0m0.291 ms - -[0m
2019-09-02 17:33:05: [0mGET /img/portfolio_3.jpg [36m304 [0m0.424 ms - -[0m
2019-09-02 17:33:05: [0mGET /img/portfolio_2.jpg [36m304 [0m0.551 ms - -[0m
2019-09-02 17:33:05: [0mGET /img/portfolio_4.jpg [36m304 [0m0.441 ms - -[0m
2019-09-02 17:33:13: [0mGET /img/portfolio_5.jpg [36m304 [0m0.620 ms - -[0m
2019-09-02 17:33:13: [0mGET /img/blog_1.jpg [36m304 [0m0.879 ms - -[0m
2019-09-02 17:33:13: [0mGET /img/blog_2.jpg [36m304 [0m0.752 ms - -[0m
2019-09-02 17:33:13: [0mGET /img/blog_3.jpg [36m304 [0m0.792 ms - -[0m
2019-09-02 17:33:13: [0mGET /js/plugins.js [36m304 [0m0.763 ms - -[0m
2019-09-02 17:33:13: [0mGET /js/vendor/bootstrap.min.js [36m304 [0m0.531 ms - -[0m
2019-09-02 17:33:15: [0mGET /js/main.js [36m304 [0m0.337 ms - -[0m
2019-09-02 17:33:06: [0mGET /img/close.png [36m304 [0m0.953 ms - -[0m
2019-09-02 17:33:06: [0mGET /img/loading.gif [36m304 [0m3.079 ms - -[0m
2019-09-02 17:33:07: [0mGET /img/prev.png [36m304 [0m0.632 ms - -[0m
2019-09-02 17:33:07: [0mGET /img/next.png [36m304 [0m0.644 ms - -[0m
2019-09-02 17:33:07: [0mGET /img/slide_1.jpg [36m304 [0m0.664 ms - -[0m
2019-09-02 17:33:07: [0mGET /img/slide_2.jpg [36m304 [0m0.441 ms - -[0m
2019-09-02 17:33:14: [0mGET /img/slide_3.jpg [36m304 [0m0.488 ms - -[0m
2019-09-02 17:33:16: [0mGET /fonts/fontawesome-webfont.woff2?v=4.7.0 [36m304 [0m0.479 ms - -[0m
2019-09-02 17:33:47: [0mGET /favicon.ico [33m404 [0m19.398 ms - 932[0m
2019-09-02 17:33:86: [0mGET / [36m304 [0m0.819 ms - -[0m
2019-09-02 17:33:07: [0mGET / [32m200 [0m2.596 ms - 39091[0m
2019-09-02 17:33:12: [0mGET /css/bootstrap-theme.min.css [36m304 [0m0.565 ms - -[0m
2019-09-02 17:33:12: [0mGET /css/bootstrap.min.css [36m304 [0m6.161 ms - -[0m
2019-09-02 17:33:13: [0mGET /css/fontAwesome.css [36m304 [0m1.061 ms - -[0m
2019-09-02 17:33:17: [0mGET /css/owl-carousel.css [36m304 [0m0.851 ms - -[0m
2019-09-02 17:33:17: [0mGET /css/templatemo-style.css [36m304 [0m0.786 ms - -[0m
2019-09-02 17:33:17: [0mGET /js/vendor/modernizr-2.8.3-respond-1.4.2.min.js [36m304 [0m1.611 ms - -[0m
2019-09-02 17:33:18: [0mGET /css/light-box.css [36m304 [0m1.473 ms - -[0m
2019-09-02 17:33:18: [0mGET /img/featured_1.jpg [36m304 [0m0.352 ms - -[0m
2019-09-02 17:33:19: [0mGET /img/featured_2.jpg [36m304 [0m0.361 ms - -[0m
2019-09-02 17:33:19: [0mGET /js/vendor/bootstrap.min.js [36m304 [0m0.362 ms - -[0m
2019-09-02 17:33:21: [0mGET /js/plugins.js [36m304 [0m0.383 ms - -[0m
2019-09-02 17:33:27: [0mGET /img/portfolio_1.jpg [36m304 [0m0.650 ms - -[0m
2019-09-02 17:33:27: [0mGET /img/featured_3.jpg [36m304 [0m0.853 ms - -[0m
2019-09-02 17:33:28: [0mGET /img/portfolio_3.jpg [36m304 [0m0.502 ms - -[0m
2019-09-02 17:33:28: [0mGET /js/main.js [36m304 [0m1.319 ms - -[0m
2019-09-02 17:33:28: [0mGET /img/portfolio_2.jpg [36m304 [0m1.759 ms - -[0m
2019-09-02 17:33:28: [0mGET /fonts/fontawesome-webfont.woff2?v=4.7.0 [36m304 [0m1.293 ms - -[0m
2019-09-02 17:33:29: [0mGET /img/slide_1.jpg [36m304 [0m0.379 ms - -[0m
2019-09-02 17:33:29: [0mGET /img/portfolio_4.jpg [36m304 [0m0.798 ms - -[0m
2019-09-02 17:33:29: [0mGET /img/portfolio_5.jpg [36m304 [0m0.883 ms - -[0m
2019-09-02 17:33:31: [0mGET /img/blog_1.jpg [36m304 [0m0.399 ms - -[0m
2019-09-02 17:33:31: [0mGET /img/blog_2.jpg [36m304 [0m0.453 ms - -[0m
2019-09-02 17:33:31: [0mGET /img/blog_3.jpg [36m304 [0m2.129 ms - -[0m
2019-09-02 17:33:31: [0mGET /img/close.png [36m304 [0m1.556 ms - -[0m
2019-09-02 17:33:31: [0mGET /img/loading.gif [36m304 [0m1.650 ms - -[0m
2019-09-02 17:33:32: [0mGET /img/prev.png [36m304 [0m1.117 ms - -[0m
2019-09-02 17:33:38: [0mGET /img/slide_3.jpg [36m304 [0m0.638 ms - -[0m
2019-09-02 17:33:38: [0mGET /img/slide_2.jpg [36m304 [0m0.970 ms - -[0m
2019-09-02 17:33:38: [0mGET /img/next.png [36m304 [0m1.135 ms - -[0m
2019-09-02 17:33:12: [0mGET /favicon.ico [33m404 [0m280.436 ms - 932[0m
2019-09-02 17:33:79: [0mGET /favicon.ico [33m404 [0m20.160 ms - 932[0m
2019-09-02 17:33:99: [0mGET /favicon.ico [33m404 [0m18.973 ms - 932[0m
2019-09-02 17:33:03: [0mGET /favicon.ico [33m404 [0m13.716 ms - 932[0m
2019-09-02 17:33:65: [0mGET /favicon.ico [33m404 [0m9.876 ms - 932[0m
2019-09-02 17:33:25: [0mGET / [36m304 [0m0.826 ms - -[0m
2019-09-02 17:33:42: [0mGET /css/bootstrap-theme.min.css [36m304 [0m0.523 ms - -[0m
2019-09-02 17:33:42: [0mGET /css/bootstrap.min.css [36m304 [0m0.535 ms - -[0m
2019-09-02 17:33:43: [0mGET /css/light-box.css [36m304 [0m0.333 ms - -[0m
2019-09-02 17:33:44: [0mGET /css/fontAwesome.css [36m304 [0m0.470 ms - -[0m
2019-09-02 17:33:45: [0mGET /css/templatemo-style.css [36m304 [0m0.462 ms - -[0m
2019-09-02 17:33:45: [0mGET /css/owl-carousel.css [36m304 [0m0.790 ms - -[0m
2019-09-02 17:33:46: [0mGET /js/vendor/modernizr-2.8.3-respond-1.4.2.min.js [36m304 [0m0.730 ms - -[0m
2019-09-02 17:33:46: [0mGET /img/featured_1.jpg [36m304 [0m0.451 ms - -[0m
2019-09-02 17:33:46: [0mGET /img/featured_2.jpg [36m304 [0m0.257 ms - -[0m
2019-09-02 17:33:63: [0mGET /js/vendor/bootstrap.min.js [36m304 [0m0.490 ms - -[0m
2019-09-02 17:33:64: [0mGET /js/plugins.js [36m304 [0m0.599 ms - -[0m
2019-09-02 17:33:64: [0mGET /js/main.js [36m304 [0m0.289 ms - -[0m
2019-09-02 17:33:65: [0mGET /img/featured_3.jpg [36m304 [0m0.564 ms - -[0m
2019-09-02 17:33:65: [0mGET /img/portfolio_1.jpg [36m304 [0m0.851 ms - -[0m
2019-09-02 17:33:65: [0mGET /img/portfolio_2.jpg [36m304 [0m0.576 ms - -[0m
2019-09-02 17:33:65: [0mGET /img/portfolio_3.jpg [36m304 [0m0.411 ms - -[0m
2019-09-02 17:33:73: [0mGET /img/portfolio_4.jpg [36m304 [0m0.498 ms - -[0m
2019-09-02 17:33:73: [0mGET /img/close.png [36m304 [0m0.906 ms - -[0m
2019-09-02 17:33:73: [0mGET /img/blog_1.jpg [36m304 [0m0.763 ms - -[0m
2019-09-02 17:33:74: [0mGET /img/blog_3.jpg [36m304 [0m0.759 ms - -[0m
2019-09-02 17:33:74: [0mGET /img/portfolio_5.jpg [36m304 [0m0.759 ms - -[0m
2019-09-02 17:33:74: [0mGET /img/blog_2.jpg [36m304 [0m0.543 ms - -[0m
2019-09-02 17:33:75: [0mGET /fonts/fontawesome-webfont.woff2?v=4.7.0 [36m304 [0m0.375 ms - -[0m
2019-09-02 17:33:76: [0mGET /img/loading.gif [36m304 [0m0.522 ms - -[0m
2019-09-02 17:33:76: [0mGET /img/prev.png [36m304 [0m0.714 ms - -[0m
2019-09-02 17:33:76: [0mGET /img/next.png [36m304 [0m0.690 ms - -[0m
2019-09-02 17:33:77: [0mGET /img/slide_2.jpg [36m304 [0m0.836 ms - -[0m
2019-09-02 17:33:77: [0mGET /img/slide_3.jpg [36m304 [0m0.803 ms - -[0m
2019-09-02 17:33:77: [0mGET /img/slide_1.jpg [36m304 [0m0.496 ms - -[0m
2019-09-02 17:34:63: [0mGET /favicon.ico [33m404 [0m18.610 ms - 932[0m
2019-09-02 17:34:17: [0mGET /favicon.ico [33m404 [0m250.247 ms - 932[0m
2019-09-02 17:34:54: [0mGET /favicon.ico [33m404 [0m21.217 ms - 932[0m
2019-09-02 17:34:63: [0mGET /favicon.ico [33m404 [0m15.632 ms - 932[0m
2019-09-02 17:34:67: [0mGET /favicon.ico [33m404 [0m27.536 ms - 932[0m
2019-09-02 17:34:21: [0mGET /favicon.ico [33m404 [0m20.926 ms - 932[0m
2019-09-02 17:34:45: [0mGET /favicon.ico [33m404 [0m22.474 ms - 932[0m
2019-09-02 17:34:68: [0mGET /favicon.ico [33m404 [0m19.076 ms - 932[0m
2019-09-02 17:34:04: [0mGET /favicon.ico [33m404 [0m7.953 ms - 932[0m
2019-09-02 17:34:46: [0mGET /favicon.ico [33m404 [0m12.301 ms - 932[0m
2019-09-02 17:34:17: [0mGET /favicon.ico [33m404 [0m11.264 ms - 932[0m
2019-09-02 17:34:89: [0mGET / [36m304 [0m1.709 ms - -[0m
2019-09-02 17:34:08: [0mGET /css/bootstrap-theme.min.css [36m304 [0m0.685 ms - -[0m
2019-09-02 17:34:08: [0mGET /css/bootstrap.min.css [36m304 [0m2.518 ms - -[0m
2019-09-02 17:34:08: [0mGET /css/fontAwesome.css [36m304 [0m0.611 ms - -[0m
2019-09-02 17:34:08: [0mGET /css/templatemo-style.css [36m304 [0m0.537 ms - -[0m
2019-09-02 17:34:08: [0mGET /css/light-box.css [36m304 [0m0.722 ms - -[0m
2019-09-02 17:34:08: [0mGET /css/owl-carousel.css [36m304 [0m0.501 ms - -[0m
2019-09-02 17:34:09: [0mGET /js/vendor/modernizr-2.8.3-respond-1.4.2.min.js [36m304 [0m0.282 ms - -[0m
2019-09-02 17:34:10: [0mGET /img/featured_1.jpg [36m304 [0m3.134 ms - -[0m
2019-09-02 17:34:10: [0mGET /img/featured_2.jpg [36m304 [0m0.549 ms - -[0m
2019-09-02 17:34:22: [0mGET /js/vendor/bootstrap.min.js [36m304 [0m0.519 ms - -[0m
2019-09-02 17:34:28: [0mGET /js/main.js [36m304 [0m0.668 ms - -[0m
2019-09-02 17:34:28: [0mGET /js/plugins.js [36m304 [0m0.977 ms - -[0m
2019-09-02 17:34:28: [0mGET /img/featured_3.jpg [36m304 [0m0.875 ms - -[0m
2019-09-02 17:34:29: [0mGET /img/portfolio_1.jpg [36m304 [0m0.810 ms - -[0m
2019-09-02 17:34:29: [0mGET /img/portfolio_2.jpg [36m304 [0m0.542 ms - -[0m
2019-09-02 17:34:29: [0mGET /img/portfolio_3.jpg [36m304 [0m0.295 ms - -[0m
2019-09-02 17:34:30: [0mGET /fonts/fontawesome-webfont.woff2?v=4.7.0 [36m304 [0m0.394 ms - -[0m
2019-09-02 17:34:31: [0mGET /img/portfolio_4.jpg [36m304 [0m0.425 ms - -[0m
2019-09-02 17:34:31: [0mGET /img/portfolio_5.jpg [36m304 [0m0.616 ms - -[0m
2019-09-02 17:34:31: [0mGET /img/blog_1.jpg [36m304 [0m0.525 ms - -[0m
2019-09-02 17:34:31: [0mGET /img/blog_2.jpg [36m304 [0m0.423 ms - -[0m
2019-09-02 17:34:32: [0mGET /img/blog_3.jpg [36m304 [0m0.381 ms - -[0m
2019-09-02 17:34:38: [0mGET /img/close.png [36m304 [0m0.536 ms - -[0m
2019-09-02 17:34:39: [0mGET /img/prev.png [36m304 [0m0.909 ms - -[0m
2019-09-02 17:34:39: [0mGET /img/loading.gif [36m304 [0m0.526 ms - -[0m
2019-09-02 17:34:39: [0mGET /img/next.png [36m304 [0m0.522 ms - -[0m
2019-09-02 17:34:39: [0mGET /img/slide_3.jpg [36m304 [0m0.597 ms - -[0m
2019-09-02 17:34:39: [0mGET /img/slide_2.jpg [36m304 [0m0.534 ms - -[0m
2019-09-02 17:34:40: [0mGET /img/slide_1.jpg [36m304 [0m0.274 ms - -[0m
2019-09-02 17:34:40: [0mGET /favicon.ico [33m404 [0m8.837 ms - 932[0m
2019-09-02 17:34:47: [0mGET /favicon.ico [33m404 [0m8.387 ms - 932[0m
2019-09-02 17:34:70: [0mGET /favicon.ico [33m404 [0m11.327 ms - 932[0m
2019-09-02 17:34:79: [0mGET /favicon.ico [33m404 [0m20.153 ms - 932[0m
2019-09-02 17:34:08: [0mGET /favicon.ico [33m404 [0m7.143 ms - 932[0m
2019-09-02 17:34:19: [0mGET /favicon.ico [33m404 [0m11.715 ms - 932[0m
2019-09-02 17:34:19: [0mGET / [36m304 [0m0.512 ms - -[0m
2019-09-02 17:34:29: [0mGET /css/light-box.css [36m304 [0m0.567 ms - -[0m
2019-09-02 17:34:30: [0mGET /css/templatemo-style.css [36m304 [0m0.879 ms - -[0m
2019-09-02 17:34:30: [0mGET /css/fontAwesome.css [36m304 [0m0.773 ms - -[0m
2019-09-02 17:34:30: [0mGET /css/bootstrap.min.css [36m304 [0m0.825 ms - -[0m
2019-09-02 17:34:30: [0mGET /css/owl-carousel.css [36m304 [0m0.785 ms - -[0m
2019-09-02 17:34:30: [0mGET /css/bootstrap-theme.min.css [36m304 [0m0.612 ms - -[0m
2019-09-02 17:34:30: [0mGET /js/vendor/modernizr-2.8.3-respond-1.4.2.min.js [36m304 [0m0.355 ms - -[0m
2019-09-02 17:34:32: [0mGET /img/featured_1.jpg [36m304 [0m0.474 ms - -[0m
2019-09-02 17:34:32: [0mGET /img/featured_2.jpg [36m304 [0m0.503 ms - -[0m
2019-09-02 17:34:50: [0mGET /js/vendor/bootstrap.min.js [36m304 [0m0.470 ms - -[0m
2019-09-02 17:34:53: [0mGET /js/main.js [36m304 [0m0.656 ms - -[0m
2019-09-02 17:34:53: [0mGET /js/plugins.js [36m304 [0m0.669 ms - -[0m
2019-09-02 17:34:54: [0mGET /img/featured_3.jpg [36m304 [0m0.559 ms - -[0m
2019-09-02 17:34:54: [0mGET /img/portfolio_2.jpg [36m304 [0m0.525 ms - -[0m
2019-09-02 17:34:54: [0mGET /img/portfolio_1.jpg [36m304 [0m0.627 ms - -[0m
2019-09-02 17:34:54: [0mGET /img/portfolio_3.jpg [36m304 [0m0.569 ms - -[0m
2019-09-02 17:34:63: [0mGET /fonts/fontawesome-webfont.woff2?v=4.7.0 [36m304 [0m1.343 ms - -[0m
2019-09-02 17:34:63: [0mGET /img/portfolio_4.jpg [36m304 [0m1.399 ms - -[0m
2019-09-02 17:34:63: [0mGET /img/portfolio_5.jpg [36m304 [0m0.604 ms - -[0m
2019-09-02 17:34:63: [0mGET /img/blog_1.jpg [36m304 [0m0.565 ms - -[0m
2019-09-02 17:34:64: [0mGET /img/blog_2.jpg [36m304 [0m0.544 ms - -[0m
2019-09-02 17:34:64: [0mGET /img/blog_3.jpg [36m304 [0m0.511 ms - -[0m
2019-09-02 17:34:65: [0mGET /img/slide_1.jpg [36m304 [0m1.197 ms - -[0m
2019-09-02 17:34:72: [0mGET /img/loading.gif [36m304 [0m0.836 ms - -[0m
2019-09-02 17:34:72: [0mGET /img/close.png [36m304 [0m0.955 ms - -[0m
2019-09-02 17:34:72: [0mGET /img/prev.png [36m304 [0m0.926 ms - -[0m
2019-09-02 17:34:72: [0mGET /img/next.png [36m304 [0m0.655 ms - -[0m
2019-09-02 17:34:73: [0mGET /img/slide_3.jpg [36m304 [0m1.170 ms - -[0m
2019-09-02 17:34:73: [0mGET /img/slide_2.jpg [36m304 [0m0.686 ms - -[0m
